<?php  if ( ! defined('BASEPATH')) exit('No direct script access allowed'); ?>

ERROR - 2014-11-06 17:03:37 --> 404 Page Not Found --> assets
ERROR - 2014-11-06 17:03:37 --> ErrorException [ 1 ]: The page you requested was not found. ~  [ 0 ]
ERROR - 2014-11-06 17:03:37 --> 404 Page Not Found --> assets
ERROR - 2014-11-06 17:03:37 --> ErrorException [ 1 ]: The page you requested was not found. ~  [ 0 ]
ERROR - 2014-11-06 17:03:37 --> 404 Page Not Found --> assets
ERROR - 2014-11-06 17:03:37 --> ErrorException [ 1 ]: The page you requested was not found. ~  [ 0 ]
ERROR - 2014-11-06 17:03:37 --> 404 Page Not Found --> assets
ERROR - 2014-11-06 17:03:37 --> ErrorException [ 1 ]: The page you requested was not found. ~  [ 0 ]
ERROR - 2014-11-06 17:03:37 --> 404 Page Not Found --> show_data.php
ERROR - 2014-11-06 17:03:37 --> ErrorException [ 1 ]: The page you requested was not found. ~  [ 0 ]
ERROR - 2014-11-06 17:03:39 --> 404 Page Not Found --> assets
ERROR - 2014-11-06 17:03:39 --> ErrorException [ 1 ]: The page you requested was not found. ~  [ 0 ]
ERROR - 2014-11-06 17:08:14 --> 404 Page Not Found --> assets
ERROR - 2014-11-06 17:08:14 --> ErrorException [ 1 ]: The page you requested was not found. ~  [ 0 ]
ERROR - 2014-11-06 17:08:14 --> 404 Page Not Found --> assets
ERROR - 2014-11-06 17:08:14 --> ErrorException [ 1 ]: The page you requested was not found. ~  [ 0 ]
ERROR - 2014-11-06 17:08:15 --> 404 Page Not Found --> assets
ERROR - 2014-11-06 17:08:15 --> ErrorException [ 1 ]: The page you requested was not found. ~  [ 0 ]
ERROR - 2014-11-06 17:08:15 --> 404 Page Not Found --> assets
ERROR - 2014-11-06 17:08:15 --> ErrorException [ 1 ]: The page you requested was not found. ~  [ 0 ]
ERROR - 2014-11-06 17:08:15 --> 404 Page Not Found --> show_data.php
ERROR - 2014-11-06 17:08:15 --> ErrorException [ 1 ]: The page you requested was not found. ~  [ 0 ]
ERROR - 2014-11-06 17:39:30 --> 404 Page Not Found --> hutang/get-hutang-bayar
ERROR - 2014-11-06 17:39:30 --> ErrorException [ 1 ]: The page you requested was not found. ~  [ 0 ]
ERROR - 2014-11-06 17:39:47 --> ErrorException [ 8 ]: Undefined property: Hutang::$basecrud_m ~ /home/trias/htdocs/sawerigading/gaji/controllers/hutang.php [ 48 ]
ERROR - 2014-11-06 18:24:01 --> 404 Page Not Found --> assets
ERROR - 2014-11-06 18:24:01 --> ErrorException [ 1 ]: The page you requested was not found. ~  [ 0 ]
ERROR - 2014-11-06 18:24:01 --> 404 Page Not Found --> assets
ERROR - 2014-11-06 18:24:01 --> ErrorException [ 1 ]: The page you requested was not found. ~  [ 0 ]
ERROR - 2014-11-06 18:24:01 --> 404 Page Not Found --> assets
ERROR - 2014-11-06 18:24:01 --> ErrorException [ 1 ]: The page you requested was not found. ~  [ 0 ]
ERROR - 2014-11-06 18:24:01 --> 404 Page Not Found --> assets
ERROR - 2014-11-06 18:24:01 --> ErrorException [ 1 ]: The page you requested was not found. ~  [ 0 ]
ERROR - 2014-11-06 18:24:02 --> 404 Page Not Found --> show_data.php
ERROR - 2014-11-06 18:24:02 --> ErrorException [ 1 ]: The page you requested was not found. ~  [ 0 ]
ERROR - 2014-11-06 18:24:03 --> 404 Page Not Found --> assets
ERROR - 2014-11-06 18:24:03 --> ErrorException [ 1 ]: The page you requested was not found. ~  [ 0 ]
ERROR - 2014-11-06 18:24:10 --> Query error: You have an error in your SQL syntax; check the manual that corresponds to your MySQL server version for the right syntax to use near 'FROM (`hutang` a)
LEFT JOIN `karyawan` b ON `a`.`id_karyawan` = `b`.`id`
LEFT JO' at line 2
ERROR - 2014-11-06 18:24:10 --> ErrorException [ 1 ]: Error Number: 1064 / You have an error in your SQL syntax; check the manual that corresponds to your MySQL server version for the right syntax to use near 'FROM (`hutang` a)
LEFT JOIN `karyawan` b ON `a`.`id_karyawan` = `b`.`id`
LEFT JO' at line 2 / SELECT LPAD(a.id, `5`, `'0')` as id_hutang, `b`.`nama_lengkap`, `c`.`nama` as jabatan, `d`.`nama` as divisi, `a`.`tanggal` as tgl_hutang, `a`.`besar` as besar_hutang, (a.besar - SUM(e.jumlah)) as sisa_hutang
FROM (`hutang` a)
LEFT JOIN `karyawan` b ON `a`.`id_karyawan` = `b`.`id`
LEFT JOIN `jabatan` c ON `b`.`id_jabatan` = `c`.`id`
LEFT JOIN `divisi` d ON `c`.`id_divisi` = `d`.`id`
LEFT JOIN `hutang_bayar` e ON `a`.`id` = `e`.`id_hutang`
WHERE `a`.`status` =  'aktif' / Filename: /home/trias/htdocs/sawerigading/models/hutang_m.php / Line Number: 37 ~  [ 0 ]
ERROR - 2014-11-06 18:24:18 --> Query error: You have an error in your SQL syntax; check the manual that corresponds to your MySQL server version for the right syntax to use near 'FROM (`hutang` a)
LEFT JOIN `karyawan` b ON `a`.`id_karyawan` = `b`.`id`
LEFT JO' at line 2
ERROR - 2014-11-06 18:24:18 --> ErrorException [ 1 ]: Error Number: 1064 / You have an error in your SQL syntax; check the manual that corresponds to your MySQL server version for the right syntax to use near 'FROM (`hutang` a)
LEFT JOIN `karyawan` b ON `a`.`id_karyawan` = `b`.`id`
LEFT JO' at line 2 / SELECT LPAD(a.id, `5`, `'0')` as id_hutang, `b`.`nama_lengkap`, `c`.`nama` as jabatan, `d`.`nama` as divisi, `a`.`tanggal` as tgl_hutang, `a`.`besar` as besar_hutang, (a.besar - SUM(e.jumlah)) as sisa_hutang
FROM (`hutang` a)
LEFT JOIN `karyawan` b ON `a`.`id_karyawan` = `b`.`id`
LEFT JOIN `jabatan` c ON `b`.`id_jabatan` = `c`.`id`
LEFT JOIN `divisi` d ON `c`.`id_divisi` = `d`.`id`
LEFT JOIN `hutang_bayar` e ON `a`.`id` = `e`.`id_hutang`
WHERE `a`.`status` =  'aktif' / Filename: /home/trias/htdocs/sawerigading/models/hutang_m.php / Line Number: 37 ~  [ 0 ]
ERROR - 2014-11-06 18:25:41 --> Query error: Unknown column 'e.jumlah' in 'field list'
ERROR - 2014-11-06 18:25:41 --> ErrorException [ 1 ]: Error Number: 1054 / Unknown column 'e.jumlah' in 'field list' / SELECT LPAD(a.id, 5, '0') as id_hutang, b.nama_lengkap, c.nama as jabatan, d.nama as divisi, a.tanggal as tgl_hutang, a.besar as besar_hutang, (a.besar - SUM(e.jumlah)) as sisa_hutang
FROM (`hutang` a)
LEFT JOIN `karyawan` b ON `a`.`id_karyawan` = `b`.`id`
LEFT JOIN `jabatan` c ON `b`.`id_jabatan` = `c`.`id`
LEFT JOIN `divisi` d ON `c`.`id_divisi` = `d`.`id`
LEFT JOIN `hutang_bayar` e ON `a`.`id` = `e`.`id_hutang`
WHERE `a`.`status` =  'aktif' / Filename: /home/trias/htdocs/sawerigading/models/hutang_m.php / Line Number: 37 ~  [ 0 ]
ERROR - 2014-11-06 18:29:52 --> ErrorException [ 8 ]: Undefined property: stdClass::$id ~ /home/trias/htdocs/sawerigading/gaji/views/hutang.php [ 72 ]
ERROR - 2014-11-06 18:29:52 --> ErrorException [ 8 ]: Undefined property: stdClass::$id ~ /home/trias/htdocs/sawerigading/gaji/views/hutang.php [ 72 ]
ERROR - 2014-11-06 18:30:18 --> ErrorException [ 8 ]: Undefined property: stdClass::$id ~ /home/trias/htdocs/sawerigading/gaji/views/hutang.php [ 72 ]
ERROR - 2014-11-06 18:30:18 --> ErrorException [ 8 ]: Undefined property: stdClass::$id ~ /home/trias/htdocs/sawerigading/gaji/views/hutang.php [ 72 ]
ERROR - 2014-11-06 18:36:32 --> 404 Page Not Found --> assets
ERROR - 2014-11-06 18:36:32 --> ErrorException [ 1 ]: The page you requested was not found. ~  [ 0 ]
ERROR - 2014-11-06 18:36:32 --> 404 Page Not Found --> assets
ERROR - 2014-11-06 18:36:32 --> ErrorException [ 1 ]: The page you requested was not found. ~  [ 0 ]
ERROR - 2014-11-06 18:36:32 --> 404 Page Not Found --> assets
ERROR - 2014-11-06 18:36:32 --> ErrorException [ 1 ]: The page you requested was not found. ~  [ 0 ]
ERROR - 2014-11-06 18:36:32 --> 404 Page Not Found --> assets
ERROR - 2014-11-06 18:36:32 --> ErrorException [ 1 ]: The page you requested was not found. ~  [ 0 ]
ERROR - 2014-11-06 18:36:32 --> 404 Page Not Found --> assets
ERROR - 2014-11-06 18:36:32 --> ErrorException [ 1 ]: The page you requested was not found. ~  [ 0 ]
ERROR - 2014-11-06 18:36:34 --> 404 Page Not Found --> assets
ERROR - 2014-11-06 18:36:34 --> ErrorException [ 1 ]: The page you requested was not found. ~  [ 0 ]
ERROR - 2014-11-06 18:36:43 --> 404 Page Not Found --> assets
ERROR - 2014-11-06 18:36:43 --> ErrorException [ 1 ]: The page you requested was not found. ~  [ 0 ]
ERROR - 2014-11-06 18:36:56 --> 404 Page Not Found --> assets
ERROR - 2014-11-06 18:36:56 --> ErrorException [ 1 ]: The page you requested was not found. ~  [ 0 ]
ERROR - 2014-11-06 18:43:26 --> Query error: Unknown column '-a.id' in 'field list'
ERROR - 2014-11-06 18:43:26 --> ErrorException [ 1 ]: Error Number: 1054 / Unknown column '-a.id' in 'field list' / SELECT `-a`.`id`, `a`.`nama_lengkap`, `b`.`nama` as jabatan
FROM (`karyawan` a)
LEFT JOIN `jabatan` b ON `a`.`id_jabatan` = `b`.`id`
WHERE `b`.`id_divisi` =  '1'
AND `a`.`status` =  'aktif' / Filename: /home/trias/htdocs/sawerigading/models/karyawan_m.php / Line Number: 62 ~  [ 0 ]
ERROR - 2014-11-06 18:43:32 --> Query error: Unknown column '-a.id' in 'field list'
ERROR - 2014-11-06 18:43:32 --> ErrorException [ 1 ]: Error Number: 1054 / Unknown column '-a.id' in 'field list' / SELECT `-a`.`id`, `a`.`nama_lengkap`, `b`.`nama` as jabatan
FROM (`karyawan` a)
LEFT JOIN `jabatan` b ON `a`.`id_jabatan` = `b`.`id`
WHERE `b`.`id_divisi` =  '1'
AND `a`.`status` =  'aktif' / Filename: /home/trias/htdocs/sawerigading/models/karyawan_m.php / Line Number: 62 ~  [ 0 ]
ERROR - 2014-11-06 20:18:58 --> 404 Page Not Found --> show_data.php
ERROR - 2014-11-06 20:18:58 --> ErrorException [ 1 ]: The page you requested was not found. ~  [ 0 ]
ERROR - 2014-11-06 21:16:17 --> 404 Page Not Found --> show_data.php
ERROR - 2014-11-06 21:16:17 --> ErrorException [ 1 ]: The page you requested was not found. ~  [ 0 ]
ERROR - 2014-11-06 21:20:27 --> 404 Page Not Found --> show_data.php
ERROR - 2014-11-06 21:20:27 --> ErrorException [ 1 ]: The page you requested was not found. ~  [ 0 ]
ERROR - 2014-11-06 21:28:43 --> 404 Page Not Found --> show_data.php
ERROR - 2014-11-06 21:28:43 --> ErrorException [ 1 ]: The page you requested was not found. ~  [ 0 ]
ERROR - 2014-11-06 22:22:30 --> 404 Page Not Found --> show_data.php
ERROR - 2014-11-06 22:22:30 --> ErrorException [ 1 ]: The page you requested was not found. ~  [ 0 ]
ERROR - 2014-11-06 23:03:57 --> ErrorException [ 1 ]: The URI you submitted has disallowed characters. ~  [ 0 ]
