<?php  if ( ! defined('BASEPATH')) exit('No direct script access allowed'); ?>

ERROR - 2014-11-09 06:50:10 --> 404 Page Not Found --> assets
ERROR - 2014-11-09 06:50:10 --> ErrorException [ 1 ]: The page you requested was not found. ~  [ 0 ]
ERROR - 2014-11-09 06:50:10 --> 404 Page Not Found --> assets
ERROR - 2014-11-09 06:50:10 --> ErrorException [ 1 ]: The page you requested was not found. ~  [ 0 ]
ERROR - 2014-11-09 06:50:10 --> 404 Page Not Found --> assets
ERROR - 2014-11-09 06:50:10 --> ErrorException [ 1 ]: The page you requested was not found. ~  [ 0 ]
ERROR - 2014-11-09 06:50:10 --> 404 Page Not Found --> assets
ERROR - 2014-11-09 06:50:10 --> ErrorException [ 1 ]: The page you requested was not found. ~  [ 0 ]
ERROR - 2014-11-09 06:50:10 --> 404 Page Not Found --> show_data.php
ERROR - 2014-11-09 06:50:10 --> ErrorException [ 1 ]: The page you requested was not found. ~  [ 0 ]
ERROR - 2014-11-09 06:50:29 --> 404 Page Not Found --> assets
ERROR - 2014-11-09 06:50:29 --> ErrorException [ 1 ]: The page you requested was not found. ~  [ 0 ]
ERROR - 2014-11-09 06:50:29 --> 404 Page Not Found --> assets
ERROR - 2014-11-09 06:50:29 --> ErrorException [ 1 ]: The page you requested was not found. ~  [ 0 ]
ERROR - 2014-11-09 06:50:29 --> 404 Page Not Found --> assets
ERROR - 2014-11-09 06:50:29 --> ErrorException [ 1 ]: The page you requested was not found. ~  [ 0 ]
ERROR - 2014-11-09 06:50:29 --> 404 Page Not Found --> assets
ERROR - 2014-11-09 06:50:29 --> ErrorException [ 1 ]: The page you requested was not found. ~  [ 0 ]
ERROR - 2014-11-09 06:50:29 --> 404 Page Not Found --> assets
ERROR - 2014-11-09 06:50:29 --> ErrorException [ 1 ]: The page you requested was not found. ~  [ 0 ]
ERROR - 2014-11-09 06:50:29 --> 404 Page Not Found --> assets
ERROR - 2014-11-09 06:50:29 --> ErrorException [ 1 ]: The page you requested was not found. ~  [ 0 ]
ERROR - 2014-11-09 06:50:29 --> 404 Page Not Found --> show_data.php
ERROR - 2014-11-09 06:50:29 --> ErrorException [ 1 ]: The page you requested was not found. ~  [ 0 ]
ERROR - 2014-11-09 06:51:52 --> 404 Page Not Found --> assets
ERROR - 2014-11-09 06:51:52 --> ErrorException [ 1 ]: The page you requested was not found. ~  [ 0 ]
ERROR - 2014-11-09 06:51:52 --> 404 Page Not Found --> assets
ERROR - 2014-11-09 06:51:52 --> ErrorException [ 1 ]: The page you requested was not found. ~  [ 0 ]
ERROR - 2014-11-09 06:51:53 --> 404 Page Not Found --> assets
ERROR - 2014-11-09 06:51:53 --> ErrorException [ 1 ]: The page you requested was not found. ~  [ 0 ]
ERROR - 2014-11-09 06:51:53 --> 404 Page Not Found --> show_data.php
ERROR - 2014-11-09 06:51:53 --> ErrorException [ 1 ]: The page you requested was not found. ~  [ 0 ]
ERROR - 2014-11-09 06:51:53 --> 404 Page Not Found --> assets
ERROR - 2014-11-09 06:51:53 --> ErrorException [ 1 ]: The page you requested was not found. ~  [ 0 ]
ERROR - 2014-11-09 06:53:08 --> 404 Page Not Found --> assets
ERROR - 2014-11-09 06:53:08 --> ErrorException [ 1 ]: The page you requested was not found. ~  [ 0 ]
ERROR - 2014-11-09 06:53:08 --> 404 Page Not Found --> assets
ERROR - 2014-11-09 06:53:08 --> ErrorException [ 1 ]: The page you requested was not found. ~  [ 0 ]
ERROR - 2014-11-09 06:53:08 --> 404 Page Not Found --> assets
ERROR - 2014-11-09 06:53:08 --> ErrorException [ 1 ]: The page you requested was not found. ~  [ 0 ]
ERROR - 2014-11-09 06:53:09 --> 404 Page Not Found --> show_data.php
ERROR - 2014-11-09 06:53:09 --> ErrorException [ 1 ]: The page you requested was not found. ~  [ 0 ]
ERROR - 2014-11-09 06:53:09 --> 404 Page Not Found --> assets
ERROR - 2014-11-09 06:53:09 --> ErrorException [ 1 ]: The page you requested was not found. ~  [ 0 ]
ERROR - 2014-11-09 06:53:10 --> 404 Page Not Found --> assets
ERROR - 2014-11-09 06:53:10 --> ErrorException [ 1 ]: The page you requested was not found. ~  [ 0 ]
ERROR - 2014-11-09 11:08:28 --> 404 Page Not Found --> show_data.php
ERROR - 2014-11-09 11:08:28 --> ErrorException [ 1 ]: The page you requested was not found. ~  [ 0 ]
ERROR - 2014-11-09 11:08:30 --> ErrorException [ 8 ]: Undefined variable: rs ~ /home/trias/htdocs/sawerigading/gaji/views/absensi.php [ 71 ]
ERROR - 2014-11-09 11:12:46 --> The filetype you are attempting to upload is not allowed.
ERROR - 2014-11-09 11:13:45 --> 404 Page Not Found --> show_data.php
ERROR - 2014-11-09 11:13:45 --> ErrorException [ 1 ]: The page you requested was not found. ~  [ 0 ]
ERROR - 2014-11-09 11:13:52 --> The filetype you are attempting to upload is not allowed.
ERROR - 2014-11-09 11:14:49 --> The filetype you are attempting to upload is not allowed.
ERROR - 2014-11-09 11:16:22 --> The filetype you are attempting to upload is not allowed.
ERROR - 2014-11-09 11:16:27 --> The filetype you are attempting to upload is not allowed.
ERROR - 2014-11-09 11:16:42 --> The filetype you are attempting to upload is not allowed.
ERROR - 2014-11-09 11:16:45 --> You did not select a file to upload.
ERROR - 2014-11-09 11:18:36 --> ErrorException [ 2 ]: include_once(gaji/libraries/excel_reader2.php): failed to open stream: No such file or directory ~ /home/trias/htdocs/sawerigading/gaji/controllers/absensi.php [ 63 ]
ERROR - 2014-11-09 11:18:36 --> ErrorException [ 2 ]: include_once(): Failed opening 'gaji/libraries/excel_reader2.php' for inclusion (include_path='.:/opt/lampp/lib/php') ~ /home/trias/htdocs/sawerigading/gaji/controllers/absensi.php [ 63 ]
ERROR - 2014-11-09 11:22:41 --> ErrorException [ 8192 ]: Function split() is deprecated ~ /home/trias/htdocs/sawerigading/gaji/libraries/excel_reader2.php [ 79 ]
ERROR - 2014-11-09 11:22:41 --> ErrorException [ 8192 ]: Function split() is deprecated ~ /home/trias/htdocs/sawerigading/gaji/libraries/excel_reader2.php [ 79 ]
ERROR - 2014-11-09 11:22:41 --> ErrorException [ 8192 ]: Function split() is deprecated ~ /home/trias/htdocs/sawerigading/gaji/libraries/excel_reader2.php [ 79 ]
ERROR - 2014-11-09 11:22:41 --> ErrorException [ 8192 ]: Function split() is deprecated ~ /home/trias/htdocs/sawerigading/gaji/libraries/excel_reader2.php [ 79 ]
ERROR - 2014-11-09 11:22:41 --> ErrorException [ 8192 ]: Function split() is deprecated ~ /home/trias/htdocs/sawerigading/gaji/libraries/excel_reader2.php [ 79 ]
ERROR - 2014-11-09 11:22:41 --> ErrorException [ 8192 ]: Function split() is deprecated ~ /home/trias/htdocs/sawerigading/gaji/libraries/excel_reader2.php [ 79 ]
ERROR - 2014-11-09 11:22:41 --> ErrorException [ 8192 ]: Function split() is deprecated ~ /home/trias/htdocs/sawerigading/gaji/libraries/excel_reader2.php [ 79 ]
ERROR - 2014-11-09 11:22:41 --> ErrorException [ 8192 ]: Function split() is deprecated ~ /home/trias/htdocs/sawerigading/gaji/libraries/excel_reader2.php [ 79 ]
ERROR - 2014-11-09 11:22:41 --> ErrorException [ 8192 ]: Function split() is deprecated ~ /home/trias/htdocs/sawerigading/gaji/libraries/excel_reader2.php [ 79 ]
ERROR - 2014-11-09 11:22:41 --> ErrorException [ 8192 ]: Function split() is deprecated ~ /home/trias/htdocs/sawerigading/gaji/libraries/excel_reader2.php [ 79 ]
ERROR - 2014-11-09 11:22:41 --> ErrorException [ 8192 ]: Function split() is deprecated ~ /home/trias/htdocs/sawerigading/gaji/libraries/excel_reader2.php [ 79 ]
ERROR - 2014-11-09 11:22:41 --> ErrorException [ 8192 ]: Function split() is deprecated ~ /home/trias/htdocs/sawerigading/gaji/libraries/excel_reader2.php [ 79 ]
ERROR - 2014-11-09 11:22:41 --> ErrorException [ 8192 ]: Function split() is deprecated ~ /home/trias/htdocs/sawerigading/gaji/libraries/excel_reader2.php [ 79 ]
ERROR - 2014-11-09 11:22:41 --> ErrorException [ 8192 ]: Function split() is deprecated ~ /home/trias/htdocs/sawerigading/gaji/libraries/excel_reader2.php [ 79 ]
ERROR - 2014-11-09 11:22:41 --> ErrorException [ 8192 ]: Function split() is deprecated ~ /home/trias/htdocs/sawerigading/gaji/libraries/excel_reader2.php [ 79 ]
ERROR - 2014-11-09 11:22:41 --> ErrorException [ 8192 ]: Function split() is deprecated ~ /home/trias/htdocs/sawerigading/gaji/libraries/excel_reader2.php [ 79 ]
ERROR - 2014-11-09 11:22:41 --> ErrorException [ 8192 ]: Function split() is deprecated ~ /home/trias/htdocs/sawerigading/gaji/libraries/excel_reader2.php [ 79 ]
ERROR - 2014-11-09 11:22:41 --> ErrorException [ 8192 ]: Function split() is deprecated ~ /home/trias/htdocs/sawerigading/gaji/libraries/excel_reader2.php [ 79 ]
ERROR - 2014-11-09 11:22:41 --> ErrorException [ 8 ]: Undefined variable: arr_tanggal ~ /home/trias/htdocs/sawerigading/gaji/controllers/absensi.php [ 69 ]
ERROR - 2014-11-09 11:22:41 --> ErrorException [ 8 ]: Undefined variable: arr_tanggal ~ /home/trias/htdocs/sawerigading/gaji/controllers/absensi.php [ 69 ]
ERROR - 2014-11-09 11:22:44 --> ErrorException [ 2 ]: unlink(./uploaded_files/absensi 1-31 bondowoso agustus 2014.xls): No such file or directory ~ /home/trias/htdocs/sawerigading/gaji/controllers/absensi.php [ 92 ]
ERROR - 2014-11-09 11:26:43 --> ErrorException [ 8 ]: Undefined variable: arr_tanggal ~ /home/trias/htdocs/sawerigading/gaji/controllers/absensi.php [ 69 ]
ERROR - 2014-11-09 11:26:43 --> ErrorException [ 8 ]: Undefined variable: arr_tanggal ~ /home/trias/htdocs/sawerigading/gaji/controllers/absensi.php [ 69 ]
ERROR - 2014-11-09 11:26:46 --> ErrorException [ 2 ]: unlink(./uploaded_files/absensi 1-31 bondowoso agustus 2014.xls): No such file or directory ~ /home/trias/htdocs/sawerigading/gaji/controllers/absensi.php [ 92 ]
ERROR - 2014-11-09 11:27:52 --> ErrorException [ 2 ]: unlink(./uploaded_files/absensi 1-31 bondowoso agustus 2014.xls): No such file or directory ~ /home/trias/htdocs/sawerigading/gaji/controllers/absensi.php [ 92 ]
ERROR - 2014-11-09 11:28:31 --> ErrorException [ 2 ]: unlink(./uploaded_files/absensi 1-31 bondowoso agustus 2014.xls): No such file or directory ~ /home/trias/htdocs/sawerigading/gaji/controllers/absensi.php [ 92 ]
ERROR - 2014-11-09 11:28:31 --> Query error: You have an error in your SQL syntax; check the manual that corresponds to your MySQL server version for the right syntax to use near '2014-0801'')' at line 1
ERROR - 2014-11-09 11:28:31 --> ErrorException [ 1 ]: Error Number: 1064 / You have an error in your SQL syntax; check the manual that corresponds to your MySQL server version for the right syntax to use near '2014-0801'')' at line 1 / CALL fill_calendar(''2014-0801'') / Filename: /home/trias/htdocs/sawerigading/models/absensi_m.php / Line Number: 20 ~  [ 0 ]
ERROR - 2014-11-09 11:29:29 --> ErrorException [ 2 ]: unlink(./uploaded_files/absensi 1-31 bondowoso agustus 2014.xls): No such file or directory ~ /home/trias/htdocs/sawerigading/gaji/controllers/absensi.php [ 92 ]
ERROR - 2014-11-09 11:29:29 --> Query error: You have an error in your SQL syntax; check the manual that corresponds to your MySQL server version for the right syntax to use near '2014-08-01'')' at line 1
ERROR - 2014-11-09 11:29:29 --> ErrorException [ 1 ]: Error Number: 1064 / You have an error in your SQL syntax; check the manual that corresponds to your MySQL server version for the right syntax to use near '2014-08-01'')' at line 1 / CALL fill_calendar(''2014-08-01'') / Filename: /home/trias/htdocs/sawerigading/models/absensi_m.php / Line Number: 20 ~  [ 0 ]
ERROR - 2014-11-09 11:33:25 --> ErrorException [ 2 ]: unlink(./uploaded_files/absensi 1-31 bondowoso agustus 2014.xls): No such file or directory ~ /home/trias/htdocs/sawerigading/gaji/controllers/absensi.php [ 94 ]
ERROR - 2014-11-09 11:33:25 --> Query error: You have an error in your SQL syntax; check the manual that corresponds to your MySQL server version for the right syntax to use near '2014-08-01'')' at line 1
ERROR - 2014-11-09 11:33:25 --> ErrorException [ 1 ]: Error Number: 1064 / You have an error in your SQL syntax; check the manual that corresponds to your MySQL server version for the right syntax to use near '2014-08-01'')' at line 1 / CALL fill_calendar(''2014-08-01'') / Filename: /home/trias/htdocs/sawerigading/models/absensi_m.php / Line Number: 20 ~  [ 0 ]
ERROR - 2014-11-09 11:46:33 --> ErrorException [ 8 ]: Undefined variable: sql ~ /home/trias/htdocs/sawerigading/gaji/controllers/absensi.php [ 80 ]
ERROR - 2014-11-09 12:02:52 --> Query error: Duplicate entry '2014-08-30-1-9' for key 'tanggal_id_divisi_id_fingerprint'
ERROR - 2014-11-09 12:02:52 --> ErrorException [ 1 ]: Error Number: 1062 / Duplicate entry '2014-08-30-1-9' for key 'tanggal_id_divisi_id_fingerprint' / INSERT INTO `absensi` (`id_divisi`, `id_fingerprint`, `jam_masuk`, `tanggal`) VALUES ('1','9','17:45:16','2014-08-30') / Filename: /home/trias/htdocs/sawerigading/controllers/absensi.php / Line Number: 99 ~  [ 0 ]
ERROR - 2014-11-09 12:03:16 --> ErrorException [ 8 ]: Array to string conversion ~ /home/trias/htdocs/sawerigading/system/database/drivers/mysql/mysql_driver.php [ 589 ]
ERROR - 2014-11-09 12:03:16 --> Query error: You have an error in your SQL syntax; check the manual that corresponds to your MySQL server version for the right syntax to use near 'Array' at line 1
ERROR - 2014-11-09 12:03:16 --> ErrorException [ 1 ]: Error Number: 1064 / You have an error in your SQL syntax; check the manual that corresponds to your MySQL server version for the right syntax to use near 'Array' at line 1 / INSERT INTO `absensi` () VALUES (), Array / Filename: /home/trias/htdocs/sawerigading/controllers/absensi.php / Line Number: 99 ~  [ 0 ]
ERROR - 2014-11-09 12:03:38 --> ErrorException [ 8 ]: Array to string conversion ~ /home/trias/htdocs/sawerigading/system/database/drivers/mysql/mysql_driver.php [ 589 ]
ERROR - 2014-11-09 12:03:38 --> Query error: You have an error in your SQL syntax; check the manual that corresponds to your MySQL server version for the right syntax to use near 'Array' at line 1
ERROR - 2014-11-09 12:03:38 --> ErrorException [ 1 ]: Error Number: 1064 / You have an error in your SQL syntax; check the manual that corresponds to your MySQL server version for the right syntax to use near 'Array' at line 1 / INSERT INTO `absensi` () VALUES (), Array / Filename: /home/trias/htdocs/sawerigading/controllers/absensi.php / Line Number: 99 ~  [ 0 ]
ERROR - 2014-11-09 12:05:14 --> ErrorException [ 8 ]: Array to string conversion ~ /home/trias/htdocs/sawerigading/system/database/drivers/mysql/mysql_driver.php [ 589 ]
ERROR - 2014-11-09 12:05:14 --> Query error: You have an error in your SQL syntax; check the manual that corresponds to your MySQL server version for the right syntax to use near 'Array' at line 1
ERROR - 2014-11-09 12:05:14 --> ErrorException [ 1 ]: Error Number: 1064 / You have an error in your SQL syntax; check the manual that corresponds to your MySQL server version for the right syntax to use near 'Array' at line 1 / INSERT INTO `absensi` () VALUES (), Array / Filename: /home/trias/htdocs/sawerigading/controllers/absensi.php / Line Number: 99 ~  [ 0 ]
ERROR - 2014-11-09 12:05:47 --> Query error: Duplicate entry '2014-08-09-1-11' for key 'tanggal_id_divisi_id_fingerprint'
ERROR - 2014-11-09 12:05:47 --> ErrorException [ 1 ]: Error Number: 1062 / Duplicate entry '2014-08-09-1-11' for key 'tanggal_id_divisi_id_fingerprint' / INSERT INTO `absensi` (`id_divisi`, `id_fingerprint`, `jam_masuk`, `tanggal`) VALUES ('1','11','8:01:17','2014-08-01'), ('1','11','8:00:34','2014-08-02'), ('1','11','8:03:40','2014-08-04'), ('1','11','8:02:26','2014-08-05'), ('1','11','8:01:25','2014-08-06'), ('1','11','7:58:52','2014-08-07'), ('1','11','8:04:29','2014-08-08'), ('1','11','8:03:11','2014-08-09'), ('1','11','18:35:28','2014-08-09'), ('1','11','8:03:20','2014-08-12'), ('1','11','17:58:25','2014-08-12'), ('1','11','7:58:54','2014-08-13'), ('1','11','7:56:25','2014-08-14'), ('1','11','8:04:13','2014-08-15'), ('1','11','7:56:38','2014-08-16'), ('1','11','8:01:24','2014-08-17'), ('1','11','8:05:58','2014-08-20'), ('1','11','8:00:10','2014-08-21'), ('1','11','8:02:18','2014-08-22'), ('1','11','8:05:47','2014-08-23'), ('1','11','8:04:45','2014-08-25'), ('1','11','8:03:27','2014-08-26'), ('1','11','8:08:28','2014-08-27'), ('1','11','8:06:51','2014-08-28'), ('1','11','7:53:12','2014-08-29'), ('1','11','17:13:58','2014-08-29'), ('1','11','8:04:47','2014-08-30'), ('1','11','17:45:09','2014-08-30'), ('1','12','7:57:27','2014-08-01'), ('1','12','7:58:35','2014-08-01'), ('1','12','7:57:16','2014-08-02'), ('1','12','8:00:26','2014-08-04'), ('1','12','8:00:28','2014-08-04'), ('1','12','8:00:31','2014-08-04'), ('1','12','8:47:28','2014-08-05'), ('1','12','22:34:59','2014-08-05'), ('1','12','7:55:03','2014-08-06'), ('1','12','8:04:20','2014-08-07'), ('1','12','8:16:57','2014-08-08'), ('1','12','8:04:04','2014-08-09'), ('1','12','18:37:05','2014-08-09'), ('1','12','8:03:40','2014-08-11'), ('1','12','8:04:30','2014-08-12'), ('1','12','7:52:30','2014-08-13'), ('1','12','7:52:33','2014-08-13'), ('1','12','7:57:44','2014-08-14'), ('1','12','8:00:22','2014-08-14'), ('1','12','7:50:56','2014-08-15'), ('1','12','7:50:59','2014-08-15'), ('1','12','7:51:01','2014-08-15'), ('1','12','8:07:25','2014-08-16'), ('1','12','7:48:46','2014-08-17'), ('1','12','7:53:39','2014-08-17'), ('1','12','8:01:47','2014-08-20'), ('1','12','8:01:51','2014-08-20'), ('1','12','7:58:45','2014-08-21'), ('1','12','8:01:56','2014-08-22'), ('1','12','8:02:12','2014-08-23'), ('1','12','8:00:26','2014-08-25'), ('1','12','7:51:36','2014-08-26'), ('1','12','7:51:44','2014-08-26'), ('1','12','7:51:52','2014-08-26'), ('1','12','7:59:51','2014-08-27'), ('1','12','7:59:55','2014-08-27'), ('1','12','7:56:22','2014-08-28'), ('1','12','7:39:00','2014-08-29'), ('1','12','7:39:03','2014-08-29'), ('1','12','17:14:05','2014-08-29'), ('1','12','7:59:00','2014-08-30'), ('1','12','7:59:07','2014-08-30'), ('1','12','17:11:43','2014-08-30'), ('1','14','7:56:08','2014-08-01'), ('1','14','7:50:03','2014-08-02'), ('1','14','7:52:23','2014-08-04'), ('1','14','8:12:31','2014-08-05'), ('1','14','7:50:05','2014-08-06'), ('1','14','7:51:37','2014-08-07'), ('1','14','7:52:21','2014-08-08'), ('1','14','7:38:00','2014-08-09'), ('1','14','7:57:51','2014-08-11'), ('1','14','7:58:53','2014-08-12'), ('1','14','7:55:37','2014-08-13'), ('1','14','7:54:26','2014-08-14'), ('1','14','7:50:37','2014-08-15'), ('1','14','7:50:28','2014-08-16'), ('1','14','8:02:29','2014-08-18'), ('1','14','8:02:01','2014-08-19'), ('1','14','7:50:36','2014-08-20'), ('1','14','7:59:07','2014-08-21'), ('1','14','7:18:11','2014-08-22'), ('1','14','6:40:03','2014-08-23'), ('1','14','8:00:33','2014-08-25'), ('1','14','7:58:22','2014-08-26'), ('1','14','7:42:18','2014-08-27'), ('1','14','7:57:06','2014-08-28'), ('1','14','7:57:14','2014-08-28'), ('1','14','7:53:15','2014-08-29'), ('1','14','17:51:05','2014-08-29'), ('1','14','7:50:53','2014-08-30'), ('1','14','17:54:16','2014-08-30') / Filename: /home/trias/htdocs/sawerigading/controllers/absensi.php / Line Number: 99 ~  [ 0 ]
ERROR - 2014-11-09 13:53:01 --> Query error: You have an error in your SQL syntax; check the manual that corresponds to your MySQL server version for the right syntax to use near '' at line 2
ERROR - 2014-11-09 13:53:01 --> ErrorException [ 1 ]: Error Number: 1064 / You have an error in your SQL syntax; check the manual that corresponds to your MySQL server version for the right syntax to use near '' at line 2 / INSERT IGNORE INTO absensi(tanggal,id_divisi,id_fingerprint,jam_masuk)
                                      VALUES , / Filename: /home/trias/htdocs/sawerigading/controllers/absensi.php / Line Number: 100 ~  [ 0 ]
ERROR - 2014-11-09 13:53:33 --> Query error: You have an error in your SQL syntax; check the manual that corresponds to your MySQL server version for the right syntax to use near '' at line 2
ERROR - 2014-11-09 13:53:33 --> ErrorException [ 1 ]: Error Number: 1064 / You have an error in your SQL syntax; check the manual that corresponds to your MySQL server version for the right syntax to use near '' at line 2 / INSERT IGNORE INTO absensi(tanggal,id_divisi,id_fingerprint,jam_masuk)
                                      VALUES , / Filename: /home/trias/htdocs/sawerigading/controllers/absensi.php / Line Number: 100 ~  [ 0 ]
ERROR - 2014-11-09 13:55:06 --> You did not select a file to upload.
ERROR - 2014-11-09 13:55:10 --> Query error: You have an error in your SQL syntax; check the manual that corresponds to your MySQL server version for the right syntax to use near '2014-08-01'')' at line 1
ERROR - 2014-11-09 13:55:10 --> ErrorException [ 1 ]: Error Number: 1064 / You have an error in your SQL syntax; check the manual that corresponds to your MySQL server version for the right syntax to use near '2014-08-01'')' at line 1 / CALL fill_calendar(''2014-08-01'') / Filename: /home/trias/htdocs/sawerigading/models/absensi_m.php / Line Number: 20 ~  [ 0 ]
ERROR - 2014-11-09 13:55:41 --> You did not select a file to upload.
ERROR - 2014-11-09 13:55:51 --> Query error: You have an error in your SQL syntax; check the manual that corresponds to your MySQL server version for the right syntax to use near '2014-08-01'')' at line 1
ERROR - 2014-11-09 13:55:51 --> ErrorException [ 1 ]: Error Number: 1064 / You have an error in your SQL syntax; check the manual that corresponds to your MySQL server version for the right syntax to use near '2014-08-01'')' at line 1 / CALL fill_calendar(''2014-08-01'') / Filename: /home/trias/htdocs/sawerigading/models/absensi_m.php / Line Number: 20 ~  [ 0 ]
ERROR - 2014-11-09 14:18:09 --> 404 Page Not Found --> show_data.php
ERROR - 2014-11-09 14:18:09 --> ErrorException [ 1 ]: The page you requested was not found. ~  [ 0 ]
ERROR - 2014-11-09 14:18:33 --> 404 Page Not Found --> show_data.php
ERROR - 2014-11-09 14:18:33 --> ErrorException [ 1 ]: The page you requested was not found. ~  [ 0 ]
ERROR - 2014-11-09 15:35:49 --> 404 Page Not Found --> show_data.php
ERROR - 2014-11-09 15:35:49 --> ErrorException [ 1 ]: The page you requested was not found. ~  [ 0 ]
ERROR - 2014-11-09 17:55:40 --> 404 Page Not Found --> show_data.php
ERROR - 2014-11-09 17:55:40 --> ErrorException [ 1 ]: The page you requested was not found. ~  [ 0 ]
ERROR - 2014-11-09 17:55:59 --> 404 Page Not Found --> show_data.php
ERROR - 2014-11-09 17:55:59 --> ErrorException [ 1 ]: The page you requested was not found. ~  [ 0 ]
ERROR - 2014-11-09 17:58:02 --> ErrorException [ 2 ]: unlink(./uploaded_files//opt/lampp/temp/php3oT3Ki): No such file or directory ~ /home/trias/htdocs/sawerigading/gaji/controllers/absensi.php [ 108 ]
ERROR - 2014-11-09 17:58:02 --> ErrorException [ 2 ]: Cannot modify header information - headers already sent by (output started at /home/trias/htdocs/sawerigading/gaji/core/MY_Exceptions.php:198) ~ /home/trias/htdocs/sawerigading/gaji/controllers/absensi.php [ 110 ]
ERROR - 2014-11-09 18:07:13 --> ErrorException [ 2 ]: chmod(): No such file or directory ~ /home/trias/htdocs/sawerigading/gaji/controllers/absensi.php [ 97 ]
ERROR - 2014-11-09 18:25:14 --> ErrorException [ 2 ]: unlink(/home/trias/htdocs/sawerigading/uploaded_files/absensi 1-31 bondowoso agustus 2014.xls): No such file or directory ~ /home/trias/htdocs/sawerigading/gaji/controllers/absensi.php [ 108 ]
ERROR - 2014-11-09 18:38:16 --> 404 Page Not Found --> assets
ERROR - 2014-11-09 18:38:16 --> ErrorException [ 1 ]: The page you requested was not found. ~  [ 0 ]
ERROR - 2014-11-09 18:41:56 --> 404 Page Not Found --> show_data.php
ERROR - 2014-11-09 18:41:56 --> ErrorException [ 1 ]: The page you requested was not found. ~  [ 0 ]
ERROR - 2014-11-09 18:47:17 --> 404 Page Not Found --> show_data.php
ERROR - 2014-11-09 18:47:17 --> ErrorException [ 1 ]: The page you requested was not found. ~  [ 0 ]
ERROR - 2014-11-09 18:47:25 --> 404 Page Not Found --> show_data.php
ERROR - 2014-11-09 18:47:25 --> ErrorException [ 1 ]: The page you requested was not found. ~  [ 0 ]
ERROR - 2014-11-09 18:52:55 --> 404 Page Not Found --> show_data.php
ERROR - 2014-11-09 18:52:55 --> ErrorException [ 1 ]: The page you requested was not found. ~  [ 0 ]
ERROR - 2014-11-09 18:53:32 --> 404 Page Not Found --> assets
ERROR - 2014-11-09 18:53:32 --> ErrorException [ 1 ]: The page you requested was not found. ~  [ 0 ]
ERROR - 2014-11-09 18:54:51 --> 404 Page Not Found --> assets
ERROR - 2014-11-09 18:54:51 --> ErrorException [ 1 ]: The page you requested was not found. ~  [ 0 ]
ERROR - 2014-11-09 18:54:51 --> 404 Page Not Found --> assets
ERROR - 2014-11-09 18:54:51 --> ErrorException [ 1 ]: The page you requested was not found. ~  [ 0 ]
ERROR - 2014-11-09 18:54:51 --> 404 Page Not Found --> assets
ERROR - 2014-11-09 18:54:51 --> ErrorException [ 1 ]: The page you requested was not found. ~  [ 0 ]
ERROR - 2014-11-09 18:54:51 --> 404 Page Not Found --> assets
ERROR - 2014-11-09 18:54:51 --> ErrorException [ 1 ]: The page you requested was not found. ~  [ 0 ]
ERROR - 2014-11-09 18:54:52 --> 404 Page Not Found --> show_data.php
ERROR - 2014-11-09 18:54:52 --> ErrorException [ 1 ]: The page you requested was not found. ~  [ 0 ]
ERROR - 2014-11-09 18:54:53 --> 404 Page Not Found --> assets
ERROR - 2014-11-09 18:54:53 --> ErrorException [ 1 ]: The page you requested was not found. ~  [ 0 ]
ERROR - 2014-11-09 19:02:09 --> 404 Page Not Found --> show_data.php
ERROR - 2014-11-09 19:02:09 --> ErrorException [ 1 ]: The page you requested was not found. ~  [ 0 ]
ERROR - 2014-11-09 19:02:16 --> 404 Page Not Found --> show_data.php
ERROR - 2014-11-09 19:02:16 --> ErrorException [ 1 ]: The page you requested was not found. ~  [ 0 ]
ERROR - 2014-11-09 19:03:34 --> 404 Page Not Found --> show_data.php
ERROR - 2014-11-09 19:03:34 --> ErrorException [ 1 ]: The page you requested was not found. ~  [ 0 ]
ERROR - 2014-11-09 19:04:10 --> 404 Page Not Found --> show_data.php
ERROR - 2014-11-09 19:04:10 --> ErrorException [ 1 ]: The page you requested was not found. ~  [ 0 ]
ERROR - 2014-11-09 19:09:01 --> 404 Page Not Found --> show_data.php
ERROR - 2014-11-09 19:09:01 --> ErrorException [ 1 ]: The page you requested was not found. ~  [ 0 ]
ERROR - 2014-11-09 19:09:22 --> 404 Page Not Found --> show_data.php
ERROR - 2014-11-09 19:09:22 --> ErrorException [ 1 ]: The page you requested was not found. ~  [ 0 ]
ERROR - 2014-11-09 19:09:54 --> 404 Page Not Found --> show_data.php
ERROR - 2014-11-09 19:09:54 --> ErrorException [ 1 ]: The page you requested was not found. ~  [ 0 ]
ERROR - 2014-11-09 19:10:08 --> 404 Page Not Found --> show_data.php
ERROR - 2014-11-09 19:10:08 --> ErrorException [ 1 ]: The page you requested was not found. ~  [ 0 ]
ERROR - 2014-11-09 19:10:49 --> 404 Page Not Found --> show_data.php
ERROR - 2014-11-09 19:10:49 --> ErrorException [ 1 ]: The page you requested was not found. ~  [ 0 ]
ERROR - 2014-11-09 19:10:53 --> 404 Page Not Found --> show_data.php
ERROR - 2014-11-09 19:10:53 --> ErrorException [ 1 ]: The page you requested was not found. ~  [ 0 ]
ERROR - 2014-11-09 19:11:02 --> 404 Page Not Found --> show_data.php
ERROR - 2014-11-09 19:11:02 --> ErrorException [ 1 ]: The page you requested was not found. ~  [ 0 ]
ERROR - 2014-11-09 19:11:04 --> 404 Page Not Found --> show_data.php
ERROR - 2014-11-09 19:11:04 --> ErrorException [ 1 ]: The page you requested was not found. ~  [ 0 ]
ERROR - 2014-11-09 19:11:19 --> 404 Page Not Found --> show_data.php
ERROR - 2014-11-09 19:11:19 --> ErrorException [ 1 ]: The page you requested was not found. ~  [ 0 ]
ERROR - 2014-11-09 19:12:11 --> 404 Page Not Found --> assets
ERROR - 2014-11-09 19:12:11 --> ErrorException [ 1 ]: The page you requested was not found. ~  [ 0 ]
ERROR - 2014-11-09 19:13:24 --> 404 Page Not Found --> data/show_data.php
ERROR - 2014-11-09 19:13:24 --> ErrorException [ 1 ]: The page you requested was not found. ~  [ 0 ]
ERROR - 2014-11-09 19:13:29 --> 404 Page Not Found --> show_data.php
ERROR - 2014-11-09 19:13:29 --> ErrorException [ 1 ]: The page you requested was not found. ~  [ 0 ]
ERROR - 2014-11-09 19:13:36 --> 404 Page Not Found --> show_data.php
ERROR - 2014-11-09 19:13:36 --> ErrorException [ 1 ]: The page you requested was not found. ~  [ 0 ]
ERROR - 2014-11-09 19:13:44 --> 404 Page Not Found --> show_data.php
ERROR - 2014-11-09 19:13:44 --> ErrorException [ 1 ]: The page you requested was not found. ~  [ 0 ]
ERROR - 2014-11-09 19:15:43 --> 404 Page Not Found --> show_data.php
ERROR - 2014-11-09 19:15:43 --> ErrorException [ 1 ]: The page you requested was not found. ~  [ 0 ]
ERROR - 2014-11-09 19:17:24 --> 404 Page Not Found --> show_data.php
ERROR - 2014-11-09 19:17:24 --> ErrorException [ 1 ]: The page you requested was not found. ~  [ 0 ]
ERROR - 2014-11-09 19:40:30 --> 404 Page Not Found --> show_data.php
ERROR - 2014-11-09 19:40:30 --> ErrorException [ 1 ]: The page you requested was not found. ~  [ 0 ]
ERROR - 2014-11-09 19:45:41 --> 404 Page Not Found --> show_data.php
ERROR - 2014-11-09 19:45:41 --> ErrorException [ 1 ]: The page you requested was not found. ~  [ 0 ]
ERROR - 2014-11-09 19:48:47 --> 404 Page Not Found --> show_data.php
ERROR - 2014-11-09 19:48:47 --> ErrorException [ 1 ]: The page you requested was not found. ~  [ 0 ]
ERROR - 2014-11-09 19:49:50 --> 404 Page Not Found --> show_data.php
ERROR - 2014-11-09 19:49:50 --> ErrorException [ 1 ]: The page you requested was not found. ~  [ 0 ]
ERROR - 2014-11-09 19:54:19 --> 404 Page Not Found --> show_data.php
ERROR - 2014-11-09 19:54:19 --> ErrorException [ 1 ]: The page you requested was not found. ~  [ 0 ]
ERROR - 2014-11-09 19:57:37 --> 404 Page Not Found --> show_data.php
ERROR - 2014-11-09 19:57:37 --> ErrorException [ 1 ]: The page you requested was not found. ~  [ 0 ]
ERROR - 2014-11-09 19:57:59 --> 404 Page Not Found --> show_data.php
ERROR - 2014-11-09 19:57:59 --> ErrorException [ 1 ]: The page you requested was not found. ~  [ 0 ]
ERROR - 2014-11-09 20:00:40 --> 404 Page Not Found --> show_data.php
ERROR - 2014-11-09 20:00:40 --> ErrorException [ 1 ]: The page you requested was not found. ~  [ 0 ]
ERROR - 2014-11-09 20:01:06 --> 404 Page Not Found --> show_data.php
ERROR - 2014-11-09 20:01:06 --> ErrorException [ 1 ]: The page you requested was not found. ~  [ 0 ]
ERROR - 2014-11-09 20:01:08 --> 404 Page Not Found --> show_data.php
ERROR - 2014-11-09 20:01:08 --> ErrorException [ 1 ]: The page you requested was not found. ~  [ 0 ]
ERROR - 2014-11-09 20:01:35 --> 404 Page Not Found --> show_data.php
ERROR - 2014-11-09 20:01:35 --> ErrorException [ 1 ]: The page you requested was not found. ~  [ 0 ]
ERROR - 2014-11-09 20:09:37 --> 404 Page Not Found --> show_data.php
ERROR - 2014-11-09 20:09:37 --> ErrorException [ 1 ]: The page you requested was not found. ~  [ 0 ]
ERROR - 2014-11-09 20:09:58 --> 404 Page Not Found --> show_data.php
ERROR - 2014-11-09 20:09:58 --> ErrorException [ 1 ]: The page you requested was not found. ~  [ 0 ]
ERROR - 2014-11-09 20:20:24 --> 404 Page Not Found --> assets
ERROR - 2014-11-09 20:20:24 --> ErrorException [ 1 ]: The page you requested was not found. ~  [ 0 ]
ERROR - 2014-11-09 20:20:24 --> 404 Page Not Found --> assets
ERROR - 2014-11-09 20:20:24 --> ErrorException [ 1 ]: The page you requested was not found. ~  [ 0 ]
ERROR - 2014-11-09 20:20:24 --> 404 Page Not Found --> assets
ERROR - 2014-11-09 20:20:24 --> ErrorException [ 1 ]: The page you requested was not found. ~  [ 0 ]
ERROR - 2014-11-09 20:20:24 --> 404 Page Not Found --> assets
ERROR - 2014-11-09 20:20:24 --> ErrorException [ 1 ]: The page you requested was not found. ~  [ 0 ]
ERROR - 2014-11-09 20:20:24 --> 404 Page Not Found --> assets
ERROR - 2014-11-09 20:20:24 --> ErrorException [ 1 ]: The page you requested was not found. ~  [ 0 ]
ERROR - 2014-11-09 20:20:24 --> 404 Page Not Found --> show_data.php
ERROR - 2014-11-09 20:20:24 --> ErrorException [ 1 ]: The page you requested was not found. ~  [ 0 ]
ERROR - 2014-11-09 20:20:24 --> 404 Page Not Found --> assets
ERROR - 2014-11-09 20:20:24 --> ErrorException [ 1 ]: The page you requested was not found. ~  [ 0 ]
ERROR - 2014-11-09 20:21:01 --> 404 Page Not Found --> assets
ERROR - 2014-11-09 20:21:01 --> ErrorException [ 1 ]: The page you requested was not found. ~  [ 0 ]
ERROR - 2014-11-09 20:21:22 --> 404 Page Not Found --> assets
ERROR - 2014-11-09 20:21:22 --> ErrorException [ 1 ]: The page you requested was not found. ~  [ 0 ]
ERROR - 2014-11-09 20:21:22 --> 404 Page Not Found --> assets
ERROR - 2014-11-09 20:21:22 --> ErrorException [ 1 ]: The page you requested was not found. ~  [ 0 ]
ERROR - 2014-11-09 20:21:22 --> 404 Page Not Found --> assets
ERROR - 2014-11-09 20:21:22 --> ErrorException [ 1 ]: The page you requested was not found. ~  [ 0 ]
ERROR - 2014-11-09 20:21:22 --> 404 Page Not Found --> assets
ERROR - 2014-11-09 20:21:22 --> ErrorException [ 1 ]: The page you requested was not found. ~  [ 0 ]
ERROR - 2014-11-09 20:21:22 --> 404 Page Not Found --> assets
ERROR - 2014-11-09 20:21:22 --> ErrorException [ 1 ]: The page you requested was not found. ~  [ 0 ]
ERROR - 2014-11-09 20:21:23 --> 404 Page Not Found --> assets
ERROR - 2014-11-09 20:21:23 --> ErrorException [ 1 ]: The page you requested was not found. ~  [ 0 ]
ERROR - 2014-11-09 20:52:14 --> 404 Page Not Found --> show_data.php
ERROR - 2014-11-09 20:52:14 --> ErrorException [ 1 ]: The page you requested was not found. ~  [ 0 ]
ERROR - 2014-11-09 20:53:40 --> 404 Page Not Found --> show_data.php
ERROR - 2014-11-09 20:53:40 --> ErrorException [ 1 ]: The page you requested was not found. ~  [ 0 ]
ERROR - 2014-11-09 20:54:38 --> 404 Page Not Found --> show_data.php
ERROR - 2014-11-09 20:54:38 --> ErrorException [ 1 ]: The page you requested was not found. ~  [ 0 ]
ERROR - 2014-11-09 20:54:53 --> 404 Page Not Found --> show_data.php
ERROR - 2014-11-09 20:54:53 --> ErrorException [ 1 ]: The page you requested was not found. ~  [ 0 ]
ERROR - 2014-11-09 21:00:11 --> 404 Page Not Found --> show_data.php
ERROR - 2014-11-09 21:00:11 --> ErrorException [ 1 ]: The page you requested was not found. ~  [ 0 ]
ERROR - 2014-11-09 21:03:05 --> 404 Page Not Found --> show_data.php
ERROR - 2014-11-09 21:03:05 --> ErrorException [ 1 ]: The page you requested was not found. ~  [ 0 ]
ERROR - 2014-11-09 21:03:20 --> 404 Page Not Found --> show_data.php
ERROR - 2014-11-09 21:03:20 --> ErrorException [ 1 ]: The page you requested was not found. ~  [ 0 ]
ERROR - 2014-11-09 21:03:41 --> 404 Page Not Found --> show_data.php
ERROR - 2014-11-09 21:03:41 --> ErrorException [ 1 ]: The page you requested was not found. ~  [ 0 ]
ERROR - 2014-11-09 21:08:45 --> 404 Page Not Found --> show_data.php
ERROR - 2014-11-09 21:08:45 --> ErrorException [ 1 ]: The page you requested was not found. ~  [ 0 ]
ERROR - 2014-11-09 21:09:35 --> 404 Page Not Found --> show_data.php
ERROR - 2014-11-09 21:09:35 --> ErrorException [ 1 ]: The page you requested was not found. ~  [ 0 ]
ERROR - 2014-11-09 23:58:56 --> 404 Page Not Found --> absensi/ijin_karyawan
ERROR - 2014-11-09 23:58:56 --> ErrorException [ 1 ]: The page you requested was not found. ~  [ 0 ]
ERROR - 2014-11-09 23:58:57 --> 404 Page Not Found --> absensi/days_exception
ERROR - 2014-11-09 23:58:57 --> ErrorException [ 1 ]: The page you requested was not found. ~  [ 0 ]
ERROR - 2014-11-09 23:59:15 --> 404 Page Not Found --> assets
ERROR - 2014-11-09 23:59:15 --> ErrorException [ 1 ]: The page you requested was not found. ~  [ 0 ]
ERROR - 2014-11-09 23:59:15 --> 404 Page Not Found --> assets
ERROR - 2014-11-09 23:59:15 --> ErrorException [ 1 ]: The page you requested was not found. ~  [ 0 ]
ERROR - 2014-11-09 23:59:15 --> 404 Page Not Found --> assets
ERROR - 2014-11-09 23:59:15 --> 404 Page Not Found --> assets
ERROR - 2014-11-09 23:59:15 --> ErrorException [ 1 ]: The page you requested was not found. ~  [ 0 ]
ERROR - 2014-11-09 23:59:15 --> ErrorException [ 1 ]: The page you requested was not found. ~  [ 0 ]
ERROR - 2014-11-09 23:59:15 --> 404 Page Not Found --> assets
ERROR - 2014-11-09 23:59:15 --> ErrorException [ 1 ]: The page you requested was not found. ~  [ 0 ]
ERROR - 2014-11-09 23:59:15 --> 404 Page Not Found --> assets
ERROR - 2014-11-09 23:59:15 --> ErrorException [ 1 ]: The page you requested was not found. ~  [ 0 ]
ERROR - 2014-11-09 23:59:15 --> 404 Page Not Found --> show_data.php
ERROR - 2014-11-09 23:59:15 --> ErrorException [ 1 ]: The page you requested was not found. ~  [ 0 ]
ERROR - 2014-11-09 23:59:26 --> 404 Page Not Found --> assets
ERROR - 2014-11-09 23:59:26 --> ErrorException [ 1 ]: The page you requested was not found. ~  [ 0 ]
ERROR - 2014-11-09 23:59:48 --> 404 Page Not Found --> assets
ERROR - 2014-11-09 23:59:48 --> ErrorException [ 1 ]: The page you requested was not found. ~  [ 0 ]
ERROR - 2014-11-09 23:59:48 --> 404 Page Not Found --> assets
ERROR - 2014-11-09 23:59:48 --> ErrorException [ 1 ]: The page you requested was not found. ~  [ 0 ]
ERROR - 2014-11-09 23:59:48 --> 404 Page Not Found --> assets
ERROR - 2014-11-09 23:59:48 --> ErrorException [ 1 ]: The page you requested was not found. ~  [ 0 ]
ERROR - 2014-11-09 23:59:48 --> 404 Page Not Found --> assets
ERROR - 2014-11-09 23:59:48 --> ErrorException [ 1 ]: The page you requested was not found. ~  [ 0 ]
ERROR - 2014-11-09 23:59:48 --> 404 Page Not Found --> assets
ERROR - 2014-11-09 23:59:48 --> ErrorException [ 1 ]: The page you requested was not found. ~  [ 0 ]
