<?php  if ( ! defined('BASEPATH')) exit('No direct script access allowed'); ?>

ERROR - 2014-11-07 10:41:28 --> 404 Page Not Found --> assets
ERROR - 2014-11-07 10:41:28 --> ErrorException [ 1 ]: The page you requested was not found. ~  [ 0 ]
ERROR - 2014-11-07 10:41:28 --> 404 Page Not Found --> assets
ERROR - 2014-11-07 10:41:28 --> ErrorException [ 1 ]: The page you requested was not found. ~  [ 0 ]
ERROR - 2014-11-07 10:41:28 --> 404 Page Not Found --> assets
ERROR - 2014-11-07 10:41:28 --> ErrorException [ 1 ]: The page you requested was not found. ~  [ 0 ]
ERROR - 2014-11-07 10:41:28 --> 404 Page Not Found --> assets
ERROR - 2014-11-07 10:41:28 --> ErrorException [ 1 ]: The page you requested was not found. ~  [ 0 ]
ERROR - 2014-11-07 10:41:29 --> 404 Page Not Found --> show_data.php
ERROR - 2014-11-07 10:41:29 --> ErrorException [ 1 ]: The page you requested was not found. ~  [ 0 ]
ERROR - 2014-11-07 10:41:34 --> 404 Page Not Found --> assets
ERROR - 2014-11-07 10:41:34 --> ErrorException [ 1 ]: The page you requested was not found. ~  [ 0 ]
ERROR - 2014-11-07 10:41:38 --> 404 Page Not Found --> assets
ERROR - 2014-11-07 10:41:38 --> ErrorException [ 1 ]: The page you requested was not found. ~  [ 0 ]
ERROR - 2014-11-07 10:41:38 --> 404 Page Not Found --> assets
ERROR - 2014-11-07 10:41:38 --> ErrorException [ 1 ]: The page you requested was not found. ~  [ 0 ]
ERROR - 2014-11-07 10:41:38 --> 404 Page Not Found --> show_data.php
ERROR - 2014-11-07 10:41:38 --> ErrorException [ 1 ]: The page you requested was not found. ~  [ 0 ]
ERROR - 2014-11-07 10:41:47 --> 404 Page Not Found --> assets
ERROR - 2014-11-07 10:41:47 --> ErrorException [ 1 ]: The page you requested was not found. ~  [ 0 ]
ERROR - 2014-11-07 10:41:47 --> 404 Page Not Found --> assets
ERROR - 2014-11-07 10:41:47 --> ErrorException [ 1 ]: The page you requested was not found. ~  [ 0 ]
ERROR - 2014-11-07 10:41:47 --> 404 Page Not Found --> assets
ERROR - 2014-11-07 10:41:47 --> ErrorException [ 1 ]: The page you requested was not found. ~  [ 0 ]
ERROR - 2014-11-07 10:41:47 --> 404 Page Not Found --> assets
ERROR - 2014-11-07 10:41:47 --> 404 Page Not Found --> show_data.php
ERROR - 2014-11-07 10:41:47 --> ErrorException [ 1 ]: The page you requested was not found. ~  [ 0 ]
ERROR - 2014-11-07 10:41:47 --> ErrorException [ 1 ]: The page you requested was not found. ~  [ 0 ]
ERROR - 2014-11-07 10:51:54 --> 404 Page Not Found --> show_data.php
ERROR - 2014-11-07 10:51:54 --> ErrorException [ 1 ]: The page you requested was not found. ~  [ 0 ]
ERROR - 2014-11-07 10:51:59 --> 404 Page Not Found --> show_data.php
ERROR - 2014-11-07 10:51:59 --> ErrorException [ 1 ]: The page you requested was not found. ~  [ 0 ]
ERROR - 2014-11-07 11:50:59 --> 404 Page Not Found --> show_data.php
ERROR - 2014-11-07 11:50:59 --> ErrorException [ 1 ]: The page you requested was not found. ~  [ 0 ]
ERROR - 2014-11-07 11:51:38 --> 404 Page Not Found --> show_data.php
ERROR - 2014-11-07 11:51:38 --> ErrorException [ 1 ]: The page you requested was not found. ~  [ 0 ]
ERROR - 2014-11-07 11:51:49 --> 404 Page Not Found --> show_data.php
ERROR - 2014-11-07 11:51:49 --> ErrorException [ 1 ]: The page you requested was not found. ~  [ 0 ]
ERROR - 2014-11-07 11:52:03 --> 404 Page Not Found --> show_data.php
ERROR - 2014-11-07 11:52:03 --> ErrorException [ 1 ]: The page you requested was not found. ~  [ 0 ]
ERROR - 2014-11-07 13:26:38 --> Query error: Unknown column '-b.nama' in 'where clause'
ERROR - 2014-11-07 13:26:38 --> ErrorException [ 1 ]: Error Number: 1054 / Unknown column '-b.nama' in 'where clause' / SELECT `a`.`id`, `b`.`nama` as divisi, `a`.`nama`, `a`.`gaji_pokok`, `a`.`sewa_motor`, `a`.`service`, `a`.`voucher`
FROM (`jabatan` a)
LEFT JOIN `divisi` b ON `a`.`id_divisi` = `b`.`id`
WHERE `a`.`deleted` =  'N'
AND `b`.`deleted` =  'N'
AND  `-b`.`nama`  LIKE '%XL\%20Banyuwangi%'
OR  `a`.`nama`  LIKE '%XL\%20Banyuwangi%' / Filename: /home/trias/htdocs/sawerigading/models/jabatan_m.php / Line Number: 62 ~  [ 0 ]
ERROR - 2014-11-07 13:33:12 --> Query error: Unknown column '-b.nama' in 'where clause'
ERROR - 2014-11-07 13:33:12 --> ErrorException [ 1 ]: Error Number: 1054 / Unknown column '-b.nama' in 'where clause' / SELECT `a`.`id`, `b`.`nama` as divisi, `a`.`nama`, `a`.`gaji_pokok`, `a`.`sewa_motor`, `a`.`service`, `a`.`voucher`
FROM (`jabatan` a)
LEFT JOIN `divisi` b ON `a`.`id_divisi` = `b`.`id`
WHERE `a`.`deleted` =  'N'
AND `b`.`deleted` =  'N'
AND  `-b`.`nama`  LIKE '%XL\%20Banyuwangi%'
OR  `a`.`nama`  LIKE '%XL\%20Banyuwangi%' / Filename: /home/trias/htdocs/sawerigading/models/jabatan_m.php / Line Number: 63 ~  [ 0 ]
ERROR - 2014-11-07 13:33:39 --> Query error: Unknown column '-b.nama' in 'where clause'
ERROR - 2014-11-07 13:33:39 --> ErrorException [ 1 ]: Error Number: 1054 / Unknown column '-b.nama' in 'where clause' / SELECT `a`.`id`, `b`.`nama` as divisi, `a`.`nama`, `a`.`gaji_pokok`, `a`.`sewa_motor`, `a`.`service`, `a`.`voucher`
FROM (`jabatan` a)
LEFT JOIN `divisi` b ON `a`.`id_divisi` = `b`.`id`
WHERE `a`.`deleted` =  'N'
AND `b`.`deleted` =  'N'
AND  `-b`.`nama`  LIKE '%XL\%20Banyuwangi%'
OR  `a`.`nama`  LIKE '%XL\%20Banyuwangi%' / Filename: /home/trias/htdocs/sawerigading/models/jabatan_m.php / Line Number: 63 ~  [ 0 ]
ERROR - 2014-11-07 13:33:44 --> Query error: Unknown column '-b.nama' in 'where clause'
ERROR - 2014-11-07 13:33:44 --> ErrorException [ 1 ]: Error Number: 1054 / Unknown column '-b.nama' in 'where clause' / SELECT `a`.`id`, `b`.`nama` as divisi, `a`.`nama`, `a`.`gaji_pokok`, `a`.`sewa_motor`, `a`.`service`, `a`.`voucher`
FROM (`jabatan` a)
LEFT JOIN `divisi` b ON `a`.`id_divisi` = `b`.`id`
WHERE `a`.`deleted` =  'N'
AND `b`.`deleted` =  'N'
AND  `-b`.`nama`  LIKE '%XL\%20Banyuwangi%'
OR  `a`.`nama`  LIKE '%XL\%20Banyuwangi%' / Filename: /home/trias/htdocs/sawerigading/models/jabatan_m.php / Line Number: 63 ~  [ 0 ]
ERROR - 2014-11-07 13:34:24 --> Query error: Unknown column '-b.nama' in 'where clause'
ERROR - 2014-11-07 13:34:24 --> ErrorException [ 1 ]: Error Number: 1054 / Unknown column '-b.nama' in 'where clause' / SELECT `a`.`id`, `b`.`nama` as divisi, `a`.`nama`, `a`.`gaji_pokok`, `a`.`sewa_motor`, `a`.`service`, `a`.`voucher`
FROM (`jabatan` a)
LEFT JOIN `divisi` b ON `a`.`id_divisi` = `b`.`id`
WHERE `a`.`deleted` =  'N'
AND `b`.`deleted` =  'N'
AND  `-b`.`nama`  LIKE '%-\%20Banyuwangi%'
OR  `a`.`nama`  LIKE '%-\%20Banyuwangi%' / Filename: /home/trias/htdocs/sawerigading/models/jabatan_m.php / Line Number: 63 ~  [ 0 ]
ERROR - 2014-11-07 13:34:49 --> Query error: Unknown column '-b.nama' in 'where clause'
ERROR - 2014-11-07 13:34:49 --> ErrorException [ 1 ]: Error Number: 1054 / Unknown column '-b.nama' in 'where clause' / SELECT `a`.`id`, `b`.`nama` as divisi, `a`.`nama`, `a`.`gaji_pokok`, `a`.`sewa_motor`, `a`.`service`, `a`.`voucher`
FROM (`jabatan` a)
LEFT JOIN `divisi` b ON `a`.`id_divisi` = `b`.`id`
WHERE `a`.`deleted` =  'N'
AND `b`.`deleted` =  'N'
AND  `-b`.`nama`  LIKE '%XL\%20Banyuwangi%'
OR  `a`.`nama`  LIKE '%XL\%20Banyuwangi%' / Filename: /home/trias/htdocs/sawerigading/models/jabatan_m.php / Line Number: 63 ~  [ 0 ]
ERROR - 2014-11-07 13:35:38 --> Query error: Unknown column '-b.nama' in 'where clause'
ERROR - 2014-11-07 13:35:38 --> ErrorException [ 1 ]: Error Number: 1054 / Unknown column '-b.nama' in 'where clause' / SELECT `a`.`id`, `b`.`nama` as divisi, `a`.`nama`, `a`.`gaji_pokok`, `a`.`sewa_motor`, `a`.`service`, `a`.`voucher`
FROM (`jabatan` a)
LEFT JOIN `divisi` b ON `a`.`id_divisi` = `b`.`id`
WHERE `a`.`deleted` =  'N'
AND `b`.`deleted` =  'N'
AND  `-b`.`nama`  LIKE '%XL Banyuwangi%'
OR  `a`.`nama`  LIKE '%XL Banyuwangi%' / Filename: /home/trias/htdocs/sawerigading/models/jabatan_m.php / Line Number: 63 ~  [ 0 ]
ERROR - 2014-11-07 15:15:22 --> 404 Page Not Found --> show_data.php
ERROR - 2014-11-07 15:15:22 --> ErrorException [ 1 ]: The page you requested was not found. ~  [ 0 ]
ERROR - 2014-11-07 15:16:18 --> 404 Page Not Found --> assets
ERROR - 2014-11-07 15:16:18 --> ErrorException [ 1 ]: The page you requested was not found. ~  [ 0 ]
ERROR - 2014-11-07 15:39:57 --> 404 Page Not Found --> show_data.php
ERROR - 2014-11-07 15:39:57 --> ErrorException [ 1 ]: The page you requested was not found. ~  [ 0 ]
ERROR - 2014-11-07 15:40:02 --> 404 Page Not Found --> show_data.php
ERROR - 2014-11-07 15:40:02 --> ErrorException [ 1 ]: The page you requested was not found. ~  [ 0 ]
ERROR - 2014-11-07 15:46:32 --> Query error: Unknown column '-a.id' in 'field list'
ERROR - 2014-11-07 15:46:32 --> ErrorException [ 1 ]: Error Number: 1054 / Unknown column '-a.id' in 'field list' / SELECT `-a`.`id`, `b`.`nama` as divisi, `a`.`nama`, `a`.`gaji_pokok`, `a`.`sewa_motor`, `a`.`service`, `a`.`voucher`
FROM (`jabatan` a)
LEFT JOIN `divisi` b ON `a`.`id_divisi` = `b`.`id`
WHERE `a`.`deleted` =  'N'
AND `b`.`deleted` =  'N' / Filename: /home/trias/htdocs/sawerigading/models/jabatan_m.php / Line Number: 63 ~  [ 0 ]
ERROR - 2014-11-07 15:46:40 --> Query error: Unknown column '-a.id' in 'field list'
ERROR - 2014-11-07 15:46:40 --> ErrorException [ 1 ]: Error Number: 1054 / Unknown column '-a.id' in 'field list' / SELECT `-a`.`id`, `b`.`nama` as divisi, `a`.`nama`, `a`.`gaji_pokok`, `a`.`sewa_motor`, `a`.`service`, `a`.`voucher`
FROM (`jabatan` a)
LEFT JOIN `divisi` b ON `a`.`id_divisi` = `b`.`id`
WHERE `a`.`deleted` =  'N'
AND `b`.`deleted` =  'N' / Filename: /home/trias/htdocs/sawerigading/models/jabatan_m.php / Line Number: 63 ~  [ 0 ]
ERROR - 2014-11-07 15:47:01 --> Query error: Unknown column '-b.nama' in 'order clause'
ERROR - 2014-11-07 15:47:01 --> ErrorException [ 1 ]: Error Number: 1054 / Unknown column '-b.nama' in 'order clause' / SELECT `a`.`id`, `b`.`nama` as divisi, `a`.`nama`, `a`.`gaji_pokok`, `a`.`sewa_motor`, `a`.`service`, `a`.`voucher`
FROM (`jabatan` a)
LEFT JOIN `divisi` b ON `a`.`id_divisi` = `b`.`id`
WHERE `a`.`deleted` =  'N'
AND `b`.`deleted` =  'N'
ORDER BY `-b`.`nama` ASC
LIMIT 25 / Filename: /home/trias/htdocs/sawerigading/models/jabatan_m.php / Line Number: 66 ~  [ 0 ]
ERROR - 2014-11-07 15:47:10 --> Query error: Unknown column '-b.nama' in 'order clause'
ERROR - 2014-11-07 15:47:10 --> ErrorException [ 1 ]: Error Number: 1054 / Unknown column '-b.nama' in 'order clause' / SELECT `a`.`id`, `b`.`nama` as divisi, `a`.`nama`, `a`.`gaji_pokok`, `a`.`sewa_motor`, `a`.`service`, `a`.`voucher`
FROM (`jabatan` a)
LEFT JOIN `divisi` b ON `a`.`id_divisi` = `b`.`id`
WHERE `a`.`deleted` =  'N'
AND `b`.`deleted` =  'N'
ORDER BY `-b`.`nama` ASC
LIMIT 25 / Filename: /home/trias/htdocs/sawerigading/models/jabatan_m.php / Line Number: 66 ~  [ 0 ]
ERROR - 2014-11-07 15:50:48 --> Query error: You have an error in your SQL syntax; check the manual that corresponds to your MySQL server version for the right syntax to use near 'ASC
LIMIT 25' at line 6
ERROR - 2014-11-07 15:50:48 --> ErrorException [ 1 ]: Error Number: 1064 / You have an error in your SQL syntax; check the manual that corresponds to your MySQL server version for the right syntax to use near 'ASC
LIMIT 25' at line 6 / SELECT `a`.`id`, `b`.`nama` as divisi, `a`.`nama`, `a`.`gaji_pokok`, `a`.`sewa_motor`, `a`.`service`, `a`.`voucher`
FROM (`jabatan` a)
LEFT JOIN `divisi` b ON `a`.`id_divisi` = `b`.`id`
WHERE `a`.`deleted` =  'N'
AND `b`.`deleted` =  'N'
ORDER BY `b`.`nama` ASC ASC
LIMIT 25 / Filename: /home/trias/htdocs/sawerigading/models/jabatan_m.php / Line Number: 67 ~  [ 0 ]
ERROR - 2014-11-07 15:51:03 --> Query error: You have an error in your SQL syntax; check the manual that corresponds to your MySQL server version for the right syntax to use near 'ASC
LIMIT 25' at line 6
ERROR - 2014-11-07 15:51:03 --> ErrorException [ 1 ]: Error Number: 1064 / You have an error in your SQL syntax; check the manual that corresponds to your MySQL server version for the right syntax to use near 'ASC
LIMIT 25' at line 6 / SELECT `a`.`id`, `b`.`nama` as divisi, `a`.`nama`, `a`.`gaji_pokok`, `a`.`sewa_motor`, `a`.`service`, `a`.`voucher`
FROM (`jabatan` a)
LEFT JOIN `divisi` b ON `a`.`id_divisi` = `b`.`id`
WHERE `a`.`deleted` =  'N'
AND `b`.`deleted` =  'N'
ORDER BY `b`.`nama` ASC ASC
LIMIT 25 / Filename: /home/trias/htdocs/sawerigading/models/jabatan_m.php / Line Number: 67 ~  [ 0 ]
ERROR - 2014-11-07 17:26:08 --> 404 Page Not Found --> show_data.php
ERROR - 2014-11-07 17:26:08 --> ErrorException [ 1 ]: The page you requested was not found. ~  [ 0 ]
ERROR - 2014-11-07 17:26:30 --> 404 Page Not Found --> show_data.php
ERROR - 2014-11-07 17:26:30 --> ErrorException [ 1 ]: The page you requested was not found. ~  [ 0 ]
ERROR - 2014-11-07 17:34:29 --> 404 Page Not Found --> show_data.php
ERROR - 2014-11-07 17:34:29 --> ErrorException [ 1 ]: The page you requested was not found. ~  [ 0 ]
ERROR - 2014-11-07 17:37:03 --> 404 Page Not Found --> show_data.php
ERROR - 2014-11-07 17:37:03 --> ErrorException [ 1 ]: The page you requested was not found. ~  [ 0 ]
ERROR - 2014-11-07 18:06:37 --> Query error: Unknown column 'a.bank_nama' in 'field list'
ERROR - 2014-11-07 18:06:37 --> ErrorException [ 1 ]: Error Number: 1054 / Unknown column 'a.bank_nama' in 'field list' / SELECT a.id, a.id_fingerprint, a.nama_lengkap, a.tgl_masuk_kerja, b.nama AS jabatan, c.nama AS divisi, a.status, a.tgl_resign, a.no_telp, a.alamat, a.img_badan, a.img_ktp, a.bank_nama, a.bank_rekening
FROM (`karyawan` a)
LEFT JOIN `jabatan` b ON `a`.`id_jabatan` = `b`.`id`
LEFT JOIN `divisi` c ON `b`.`id_divisi` = `c`.`id`
WHERE `a`.`deleted` =  'N'
AND `b`.`deleted` =  'N'
AND `c`.`deleted` =  'N' / Filename: /home/trias/htdocs/sawerigading/models/karyawan_m.php / Line Number: 51 ~  [ 0 ]
ERROR - 2014-11-07 18:14:22 --> 404 Page Not Found --> assets
ERROR - 2014-11-07 18:14:22 --> ErrorException [ 1 ]: The page you requested was not found. ~  [ 0 ]
ERROR - 2014-11-07 18:14:22 --> 404 Page Not Found --> assets
ERROR - 2014-11-07 18:14:22 --> ErrorException [ 1 ]: The page you requested was not found. ~  [ 0 ]
ERROR - 2014-11-07 18:14:23 --> 404 Page Not Found --> assets
ERROR - 2014-11-07 18:14:23 --> ErrorException [ 1 ]: The page you requested was not found. ~  [ 0 ]
ERROR - 2014-11-07 18:14:23 --> 404 Page Not Found --> assets
ERROR - 2014-11-07 18:14:23 --> ErrorException [ 1 ]: The page you requested was not found. ~  [ 0 ]
ERROR - 2014-11-07 18:14:23 --> 404 Page Not Found --> show_data.php
ERROR - 2014-11-07 18:14:23 --> ErrorException [ 1 ]: The page you requested was not found. ~  [ 0 ]
ERROR - 2014-11-07 18:14:26 --> 404 Page Not Found --> assets
ERROR - 2014-11-07 18:14:26 --> ErrorException [ 1 ]: The page you requested was not found. ~  [ 0 ]
ERROR - 2014-11-07 20:02:01 --> 404 Page Not Found --> show_data.php
ERROR - 2014-11-07 20:02:01 --> ErrorException [ 1 ]: The page you requested was not found. ~  [ 0 ]
ERROR - 2014-11-07 20:21:43 --> ErrorException [ 8 ]: Undefined variable: hutang ~ /home/trias/htdocs/sawerigading/gaji/views/hutang.php [ 107 ]
ERROR - 2014-11-07 20:26:11 --> 404 Page Not Found --> assets
ERROR - 2014-11-07 20:26:11 --> ErrorException [ 1 ]: The page you requested was not found. ~  [ 0 ]
ERROR - 2014-11-07 20:39:32 --> Query error: Unknown column 'a.nama_lengkap' in 'where clause'
ERROR - 2014-11-07 20:39:32 --> ErrorException [ 1 ]: Error Number: 1054 / Unknown column 'a.nama_lengkap' in 'where clause' / SELECT a.id as id_hutang, b.nama_lengkap, c.nama as jabatan, d.nama as divisi, a.tanggal as tgl_hutang, a.besar as besar_hutang, a.status as status_hutang, IF(a.status = 'lunas', 'default', 'warning') as label_css, (a.besar - IFNULL(SUM(e.besar), 0)) as sisa_hutang
FROM (`hutang` a)
LEFT JOIN `karyawan` b ON `a`.`id_karyawan` = `b`.`id`
LEFT JOIN `jabatan` c ON `b`.`id_jabatan` = `c`.`id`
LEFT JOIN `divisi` d ON `c`.`id_divisi` = `d`.`id`
LEFT JOIN `hutang_bayar` e ON `a`.`id` = `e`.`id_hutang`
WHERE  `a`.`nama_lengkap`  LIKE '%mana%'
OR  `c`.`nama`  LIKE '%mana%'
OR  `d`.`nama`  LIKE '%mana%'
GROUP BY `a`.`id` / Filename: /home/trias/htdocs/sawerigading/models/hutang_m.php / Line Number: 55 ~  [ 0 ]
ERROR - 2014-11-07 20:39:34 --> Query error: Unknown column 'a.nama_lengkap' in 'where clause'
ERROR - 2014-11-07 20:39:34 --> ErrorException [ 1 ]: Error Number: 1054 / Unknown column 'a.nama_lengkap' in 'where clause' / SELECT a.id as id_hutang, b.nama_lengkap, c.nama as jabatan, d.nama as divisi, a.tanggal as tgl_hutang, a.besar as besar_hutang, a.status as status_hutang, IF(a.status = 'lunas', 'default', 'warning') as label_css, (a.besar - IFNULL(SUM(e.besar), 0)) as sisa_hutang
FROM (`hutang` a)
LEFT JOIN `karyawan` b ON `a`.`id_karyawan` = `b`.`id`
LEFT JOIN `jabatan` c ON `b`.`id_jabatan` = `c`.`id`
LEFT JOIN `divisi` d ON `c`.`id_divisi` = `d`.`id`
LEFT JOIN `hutang_bayar` e ON `a`.`id` = `e`.`id_hutang`
WHERE  `a`.`nama_lengkap`  LIKE '%manager%'
OR  `c`.`nama`  LIKE '%manager%'
OR  `d`.`nama`  LIKE '%manager%'
GROUP BY `a`.`id` / Filename: /home/trias/htdocs/sawerigading/models/hutang_m.php / Line Number: 55 ~  [ 0 ]
ERROR - 2014-11-07 20:39:43 --> Query error: Unknown column 'a.nama_lengkap' in 'where clause'
ERROR - 2014-11-07 20:39:43 --> ErrorException [ 1 ]: Error Number: 1054 / Unknown column 'a.nama_lengkap' in 'where clause' / SELECT a.id as id_hutang, b.nama_lengkap, c.nama as jabatan, d.nama as divisi, a.tanggal as tgl_hutang, a.besar as besar_hutang, a.status as status_hutang, IF(a.status = 'lunas', 'default', 'warning') as label_css, (a.besar - IFNULL(SUM(e.besar), 0)) as sisa_hutang
FROM (`hutang` a)
LEFT JOIN `karyawan` b ON `a`.`id_karyawan` = `b`.`id`
LEFT JOIN `jabatan` c ON `b`.`id_jabatan` = `c`.`id`
LEFT JOIN `divisi` d ON `c`.`id_divisi` = `d`.`id`
LEFT JOIN `hutang_bayar` e ON `a`.`id` = `e`.`id_hutang`
WHERE  `a`.`nama_lengkap`  LIKE '%manager%'
OR  `c`.`nama`  LIKE '%manager%'
OR  `d`.`nama`  LIKE '%manager%'
GROUP BY `a`.`id` / Filename: /home/trias/htdocs/sawerigading/models/hutang_m.php / Line Number: 55 ~  [ 0 ]
ERROR - 2014-11-07 21:08:29 --> 404 Page Not Found --> show_data.php
ERROR - 2014-11-07 21:08:29 --> ErrorException [ 1 ]: The page you requested was not found. ~  [ 0 ]
ERROR - 2014-11-07 21:15:50 --> 404 Page Not Found --> show_data.php
ERROR - 2014-11-07 21:15:50 --> ErrorException [ 1 ]: The page you requested was not found. ~  [ 0 ]
ERROR - 2014-11-07 21:18:26 --> 404 Page Not Found --> show_data.php
ERROR - 2014-11-07 21:18:26 --> ErrorException [ 1 ]: The page you requested was not found. ~  [ 0 ]
ERROR - 2014-11-07 21:19:33 --> 404 Page Not Found --> show_data.php
ERROR - 2014-11-07 21:19:33 --> ErrorException [ 1 ]: The page you requested was not found. ~  [ 0 ]
ERROR - 2014-11-07 21:20:50 --> 404 Page Not Found --> show_data.php
ERROR - 2014-11-07 21:20:50 --> ErrorException [ 1 ]: The page you requested was not found. ~  [ 0 ]
ERROR - 2014-11-07 21:21:54 --> 404 Page Not Found --> show_data.php
ERROR - 2014-11-07 21:21:54 --> ErrorException [ 1 ]: The page you requested was not found. ~  [ 0 ]
ERROR - 2014-11-07 21:28:54 --> 404 Page Not Found --> show_data.php
ERROR - 2014-11-07 21:28:54 --> ErrorException [ 1 ]: The page you requested was not found. ~  [ 0 ]
ERROR - 2014-11-07 21:29:57 --> 404 Page Not Found --> show_data.php
ERROR - 2014-11-07 21:29:57 --> ErrorException [ 1 ]: The page you requested was not found. ~  [ 0 ]
ERROR - 2014-11-07 21:42:28 --> 404 Page Not Found --> show_data.php
ERROR - 2014-11-07 21:42:28 --> ErrorException [ 1 ]: The page you requested was not found. ~  [ 0 ]
ERROR - 2014-11-07 21:46:10 --> 404 Page Not Found --> show_data.php
ERROR - 2014-11-07 21:46:10 --> ErrorException [ 1 ]: The page you requested was not found. ~  [ 0 ]
ERROR - 2014-11-07 21:50:35 --> 404 Page Not Found --> show_data.php
ERROR - 2014-11-07 21:50:35 --> ErrorException [ 1 ]: The page you requested was not found. ~  [ 0 ]
ERROR - 2014-11-07 21:53:34 --> 404 Page Not Found --> assets
ERROR - 2014-11-07 21:53:34 --> ErrorException [ 1 ]: The page you requested was not found. ~  [ 0 ]
ERROR - 2014-11-07 21:54:26 --> 404 Page Not Found --> assets
ERROR - 2014-11-07 21:54:26 --> ErrorException [ 1 ]: The page you requested was not found. ~  [ 0 ]
ERROR - 2014-11-07 21:54:26 --> 404 Page Not Found --> assets
ERROR - 2014-11-07 21:54:26 --> ErrorException [ 1 ]: The page you requested was not found. ~  [ 0 ]
ERROR - 2014-11-07 21:54:26 --> 404 Page Not Found --> assets
ERROR - 2014-11-07 21:54:26 --> ErrorException [ 1 ]: The page you requested was not found. ~  [ 0 ]
ERROR - 2014-11-07 21:54:26 --> 404 Page Not Found --> assets
ERROR - 2014-11-07 21:54:26 --> ErrorException [ 1 ]: The page you requested was not found. ~  [ 0 ]
ERROR - 2014-11-07 21:54:26 --> 404 Page Not Found --> show_data.php
ERROR - 2014-11-07 21:54:26 --> ErrorException [ 1 ]: The page you requested was not found. ~  [ 0 ]
ERROR - 2014-11-07 21:54:27 --> 404 Page Not Found --> assets
ERROR - 2014-11-07 21:54:27 --> ErrorException [ 1 ]: The page you requested was not found. ~  [ 0 ]
ERROR - 2014-11-07 21:54:31 --> 404 Page Not Found --> assets
ERROR - 2014-11-07 21:54:31 --> 404 Page Not Found --> assets
ERROR - 2014-11-07 21:54:31 --> ErrorException [ 1 ]: The page you requested was not found. ~  [ 0 ]
ERROR - 2014-11-07 21:54:31 --> ErrorException [ 1 ]: The page you requested was not found. ~  [ 0 ]
ERROR - 2014-11-07 21:54:31 --> 404 Page Not Found --> assets
ERROR - 2014-11-07 21:54:31 --> ErrorException [ 1 ]: The page you requested was not found. ~  [ 0 ]
ERROR - 2014-11-07 21:54:31 --> 404 Page Not Found --> assets
ERROR - 2014-11-07 21:54:31 --> ErrorException [ 1 ]: The page you requested was not found. ~  [ 0 ]
ERROR - 2014-11-07 21:54:32 --> 404 Page Not Found --> assets
ERROR - 2014-11-07 21:54:32 --> ErrorException [ 1 ]: The page you requested was not found. ~  [ 0 ]
ERROR - 2014-11-07 21:55:02 --> 404 Page Not Found --> show_data.php
ERROR - 2014-11-07 21:55:02 --> ErrorException [ 1 ]: The page you requested was not found. ~  [ 0 ]
ERROR - 2014-11-07 21:55:06 --> 404 Page Not Found --> show_data.php
ERROR - 2014-11-07 21:55:06 --> ErrorException [ 1 ]: The page you requested was not found. ~  [ 0 ]
ERROR - 2014-11-07 21:58:59 --> 404 Page Not Found --> show_data.php
ERROR - 2014-11-07 21:58:59 --> ErrorException [ 1 ]: The page you requested was not found. ~  [ 0 ]
ERROR - 2014-11-07 22:01:41 --> 404 Page Not Found --> show_data.php
ERROR - 2014-11-07 22:01:41 --> ErrorException [ 1 ]: The page you requested was not found. ~  [ 0 ]
ERROR - 2014-11-07 22:01:47 --> 404 Page Not Found --> %3C
ERROR - 2014-11-07 22:01:47 --> ErrorException [ 1 ]: The page you requested was not found. ~  [ 0 ]
ERROR - 2014-11-07 22:01:53 --> 404 Page Not Found --> %3C
ERROR - 2014-11-07 22:01:53 --> ErrorException [ 1 ]: The page you requested was not found. ~  [ 0 ]
ERROR - 2014-11-07 22:01:57 --> 404 Page Not Found --> %3C
ERROR - 2014-11-07 22:01:57 --> ErrorException [ 1 ]: The page you requested was not found. ~  [ 0 ]
ERROR - 2014-11-07 22:03:41 --> 404 Page Not Found --> show_data.php
ERROR - 2014-11-07 22:03:41 --> ErrorException [ 1 ]: The page you requested was not found. ~  [ 0 ]
ERROR - 2014-11-07 22:05:03 --> 404 Page Not Found --> show_data.php
ERROR - 2014-11-07 22:05:03 --> ErrorException [ 1 ]: The page you requested was not found. ~  [ 0 ]
ERROR - 2014-11-07 22:07:58 --> 404 Page Not Found --> show_data.php
ERROR - 2014-11-07 22:07:58 --> ErrorException [ 1 ]: The page you requested was not found. ~  [ 0 ]
ERROR - 2014-11-07 22:09:13 --> 404 Page Not Found --> show_data.php
ERROR - 2014-11-07 22:09:13 --> ErrorException [ 1 ]: The page you requested was not found. ~  [ 0 ]
ERROR - 2014-11-07 22:14:12 --> 404 Page Not Found --> show_data.php
ERROR - 2014-11-07 22:14:12 --> ErrorException [ 1 ]: The page you requested was not found. ~  [ 0 ]
ERROR - 2014-11-07 22:14:42 --> 404 Page Not Found --> assets
ERROR - 2014-11-07 22:14:42 --> ErrorException [ 1 ]: The page you requested was not found. ~  [ 0 ]
ERROR - 2014-11-07 22:15:07 --> 404 Page Not Found --> data/show_data.php
ERROR - 2014-11-07 22:15:07 --> ErrorException [ 1 ]: The page you requested was not found. ~  [ 0 ]
ERROR - 2014-11-07 22:15:11 --> 404 Page Not Found --> assets
ERROR - 2014-11-07 22:15:11 --> ErrorException [ 1 ]: The page you requested was not found. ~  [ 0 ]
ERROR - 2014-11-07 22:15:11 --> 404 Page Not Found --> assets
ERROR - 2014-11-07 22:15:11 --> ErrorException [ 1 ]: The page you requested was not found. ~  [ 0 ]
ERROR - 2014-11-07 22:15:11 --> 404 Page Not Found --> assets
ERROR - 2014-11-07 22:15:11 --> ErrorException [ 1 ]: The page you requested was not found. ~  [ 0 ]
ERROR - 2014-11-07 22:15:11 --> 404 Page Not Found --> assets
ERROR - 2014-11-07 22:15:11 --> ErrorException [ 1 ]: The page you requested was not found. ~  [ 0 ]
ERROR - 2014-11-07 22:15:12 --> 404 Page Not Found --> show_data.php
ERROR - 2014-11-07 22:15:12 --> ErrorException [ 1 ]: The page you requested was not found. ~  [ 0 ]
ERROR - 2014-11-07 22:22:32 --> 404 Page Not Found --> assets
ERROR - 2014-11-07 22:22:32 --> ErrorException [ 1 ]: The page you requested was not found. ~  [ 0 ]
ERROR - 2014-11-07 22:22:32 --> 404 Page Not Found --> show_data.php
ERROR - 2014-11-07 22:22:32 --> ErrorException [ 1 ]: The page you requested was not found. ~  [ 0 ]
ERROR - 2014-11-07 22:22:32 --> 404 Page Not Found --> assets
ERROR - 2014-11-07 22:22:32 --> ErrorException [ 1 ]: The page you requested was not found. ~  [ 0 ]
ERROR - 2014-11-07 22:22:33 --> 404 Page Not Found --> assets
ERROR - 2014-11-07 22:22:33 --> ErrorException [ 1 ]: The page you requested was not found. ~  [ 0 ]
ERROR - 2014-11-07 22:22:33 --> 404 Page Not Found --> assets
ERROR - 2014-11-07 22:22:33 --> ErrorException [ 1 ]: The page you requested was not found. ~  [ 0 ]
ERROR - 2014-11-07 22:22:33 --> 404 Page Not Found --> assets
ERROR - 2014-11-07 22:22:33 --> ErrorException [ 1 ]: The page you requested was not found. ~  [ 0 ]
ERROR - 2014-11-07 22:22:33 --> 404 Page Not Found --> show_data.php
ERROR - 2014-11-07 22:22:33 --> ErrorException [ 1 ]: The page you requested was not found. ~  [ 0 ]
ERROR - 2014-11-07 22:22:33 --> 404 Page Not Found --> assets
ERROR - 2014-11-07 22:22:33 --> ErrorException [ 1 ]: The page you requested was not found. ~  [ 0 ]
ERROR - 2014-11-07 22:22:35 --> 404 Page Not Found --> assets
ERROR - 2014-11-07 22:22:35 --> ErrorException [ 1 ]: The page you requested was not found. ~  [ 0 ]
ERROR - 2014-11-07 22:29:52 --> 404 Page Not Found --> assets
ERROR - 2014-11-07 22:29:52 --> ErrorException [ 1 ]: The page you requested was not found. ~  [ 0 ]
ERROR - 2014-11-07 22:29:52 --> 404 Page Not Found --> assets
ERROR - 2014-11-07 22:29:52 --> ErrorException [ 1 ]: The page you requested was not found. ~  [ 0 ]
ERROR - 2014-11-07 22:29:52 --> 404 Page Not Found --> assets
ERROR - 2014-11-07 22:29:52 --> ErrorException [ 1 ]: The page you requested was not found. ~  [ 0 ]
ERROR - 2014-11-07 22:29:52 --> 404 Page Not Found --> assets
ERROR - 2014-11-07 22:29:52 --> 404 Page Not Found --> assets
ERROR - 2014-11-07 22:29:52 --> ErrorException [ 1 ]: The page you requested was not found. ~  [ 0 ]
ERROR - 2014-11-07 22:29:52 --> ErrorException [ 1 ]: The page you requested was not found. ~  [ 0 ]
ERROR - 2014-11-07 22:30:56 --> 404 Page Not Found --> assets
ERROR - 2014-11-07 22:30:56 --> ErrorException [ 1 ]: The page you requested was not found. ~  [ 0 ]
ERROR - 2014-11-07 22:46:55 --> 404 Page Not Found --> assets
ERROR - 2014-11-07 22:46:55 --> ErrorException [ 1 ]: The page you requested was not found. ~  [ 0 ]
ERROR - 2014-11-07 22:46:55 --> 404 Page Not Found --> assets
ERROR - 2014-11-07 22:46:55 --> ErrorException [ 1 ]: The page you requested was not found. ~  [ 0 ]
ERROR - 2014-11-07 22:46:55 --> 404 Page Not Found --> show_data.php
ERROR - 2014-11-07 22:46:55 --> ErrorException [ 1 ]: The page you requested was not found. ~  [ 0 ]
ERROR - 2014-11-07 22:49:54 --> ErrorException [ 1 ]: The URI you submitted has disallowed characters. ~  [ 0 ]
ERROR - 2014-11-07 22:52:14 --> ErrorException [ 1 ]: The URI you submitted has disallowed characters. ~  [ 0 ]
ERROR - 2014-11-07 23:45:48 --> 404 Page Not Found --> assets
ERROR - 2014-11-07 23:45:48 --> ErrorException [ 1 ]: The page you requested was not found. ~  [ 0 ]
ERROR - 2014-11-07 23:45:48 --> 404 Page Not Found --> assets
ERROR - 2014-11-07 23:45:48 --> ErrorException [ 1 ]: The page you requested was not found. ~  [ 0 ]
ERROR - 2014-11-07 23:45:48 --> 404 Page Not Found --> show_data.php
ERROR - 2014-11-07 23:45:48 --> ErrorException [ 1 ]: The page you requested was not found. ~  [ 0 ]
ERROR - 2014-11-07 23:46:27 --> ErrorException [ 1 ]: The URI you submitted has disallowed characters. ~  [ 0 ]
ERROR - 2014-11-07 23:46:47 --> 404 Page Not Found --> assets
ERROR - 2014-11-07 23:46:47 --> ErrorException [ 1 ]: The page you requested was not found. ~  [ 0 ]
ERROR - 2014-11-07 23:46:47 --> 404 Page Not Found --> assets
ERROR - 2014-11-07 23:46:47 --> ErrorException [ 1 ]: The page you requested was not found. ~  [ 0 ]
ERROR - 2014-11-07 23:46:47 --> 404 Page Not Found --> assets
ERROR - 2014-11-07 23:46:47 --> ErrorException [ 1 ]: The page you requested was not found. ~  [ 0 ]
ERROR - 2014-11-07 23:46:47 --> 404 Page Not Found --> show_data.php
ERROR - 2014-11-07 23:46:47 --> ErrorException [ 1 ]: The page you requested was not found. ~  [ 0 ]
ERROR - 2014-11-07 23:46:47 --> 404 Page Not Found --> assets
ERROR - 2014-11-07 23:46:47 --> ErrorException [ 1 ]: The page you requested was not found. ~  [ 0 ]
