<?php  if ( ! defined('BASEPATH')) exit('No direct script access allowed'); ?>

ERROR - 2023-05-24 03:41:11 --> Severity: Notice  --> Only variable references should be returned by reference C:\xampp\htdocs\absen\system\core\Common.php 257
ERROR - 2023-05-24 03:46:33 --> Severity: Notice  --> Only variable references should be returned by reference C:\xampp\htdocs\absen\system\core\Common.php 257
ERROR - 2023-05-24 03:46:35 --> Severity: Notice  --> Only variable references should be returned by reference C:\xampp\htdocs\absen\system\core\Common.php 257
ERROR - 2023-05-24 03:51:24 --> Severity: Notice  --> Only variable references should be returned by reference C:\xampp\htdocs\absen\system\core\Common.php 257
ERROR - 2023-05-24 03:51:48 --> Severity: Notice  --> Only variable references should be returned by reference C:\xampp\htdocs\absen\system\core\Common.php 257
ERROR - 2023-05-24 03:51:48 --> Error [ 0 ]: Call to undefined function mysql_pconnect() ~ C:\xampp\htdocs\absen\system\database\drivers\mysql\mysql_driver.php [ 91 ]
ERROR - 2023-05-24 03:52:21 --> Severity: Notice  --> Only variable references should be returned by reference C:\xampp\htdocs\absen\system\core\Common.php 257
ERROR - 2023-05-24 03:53:11 --> Severity: Notice  --> Only variable references should be returned by reference C:\xampp\htdocs\absen\system\core\Common.php 257
ERROR - 2023-05-24 03:53:11 --> Error [ 0 ]: Call to undefined function mysql_pconnect() ~ C:\xampp\htdocs\absen\system\database\drivers\mysql\mysql_driver.php [ 91 ]
ERROR - 2023-05-24 03:56:35 --> Severity: Notice  --> Only variable references should be returned by reference C:\xampp\htdocs\absen\system\core\Common.php 257
ERROR - 2023-05-24 03:57:11 --> Severity: Notice  --> Only variable references should be returned by reference C:\xampp\htdocs\absen\system\core\Common.php 257
ERROR - 2023-05-24 04:00:11 --> Severity: Notice  --> Only variable references should be returned by reference C:\xampp\htdocs\absen\system\core\Common.php 257
ERROR - 2023-05-24 04:00:11 --> Severity: Notice  --> Only variable references should be returned by reference C:\xampp\htdocs\absen\system\core\Common.php 257
ERROR - 2023-05-24 04:03:50 --> Severity: Notice  --> Only variable references should be returned by reference C:\xampp\htdocs\absen\system\core\Common.php 257
ERROR - 2023-05-24 04:03:50 --> Unable to connect to the database
ERROR - 2023-05-24 04:03:50 --> ErrorException [ 1 ]: Unable to connect to your database server using the provided settings. / Filename: C:\xampp\htdocs\absen\system\database\DB_driver.php / Line Number: 124 ~  [ 0 ]
ERROR - 2023-05-24 04:04:07 --> Severity: Notice  --> Only variable references should be returned by reference C:\xampp\htdocs\absen\system\core\Common.php 257
ERROR - 2023-05-24 04:04:18 --> Severity: Notice  --> Only variable references should be returned by reference C:\xampp\htdocs\absen\system\core\Common.php 257
ERROR - 2023-05-24 04:07:14 --> Severity: Notice  --> Only variable references should be returned by reference C:\xampp\htdocs\absen\system\core\Common.php 257
ERROR - 2023-05-24 04:07:14 --> Severity: Notice  --> Only variable references should be returned by reference C:\xampp\htdocs\absen\system\core\Common.php 257
ERROR - 2023-05-24 04:07:20 --> Severity: Notice  --> Only variable references should be returned by reference C:\xampp\htdocs\absen\system\core\Common.php 257
ERROR - 2023-05-24 04:07:20 --> Severity: Notice  --> Only variable references should be returned by reference C:\xampp\htdocs\absen\system\core\Common.php 257
ERROR - 2023-05-24 04:07:25 --> Severity: Notice  --> Only variable references should be returned by reference C:\xampp\htdocs\absen\system\core\Common.php 257
ERROR - 2023-05-24 04:07:25 --> Severity: Notice  --> Only variable references should be returned by reference C:\xampp\htdocs\absen\system\core\Common.php 257
ERROR - 2023-05-24 04:07:25 --> Severity: Notice  --> Only variable references should be returned by reference C:\xampp\htdocs\absen\system\core\Common.php 257
ERROR - 2023-05-24 04:07:25 --> Severity: Notice  --> Only variable references should be returned by reference C:\xampp\htdocs\absen\system\core\Common.php 257
ERROR - 2023-05-24 04:07:25 --> Severity: Notice  --> Only variable references should be returned by reference C:\xampp\htdocs\absen\system\core\Common.php 257
ERROR - 2023-05-24 04:07:26 --> Severity: Notice  --> Only variable references should be returned by reference C:\xampp\htdocs\absen\system\core\Common.php 257
ERROR - 2023-05-24 04:07:26 --> Severity: Notice  --> Only variable references should be returned by reference C:\xampp\htdocs\absen\system\core\Common.php 257
ERROR - 2023-05-24 04:07:26 --> Severity: Notice  --> Only variable references should be returned by reference C:\xampp\htdocs\absen\system\core\Common.php 257
ERROR - 2023-05-24 04:07:27 --> Severity: Notice  --> Only variable references should be returned by reference C:\xampp\htdocs\absen\system\core\Common.php 257
ERROR - 2023-05-24 04:07:27 --> Severity: Notice  --> Only variable references should be returned by reference C:\xampp\htdocs\absen\system\core\Common.php 257
ERROR - 2023-05-24 04:07:28 --> Severity: Notice  --> Only variable references should be returned by reference C:\xampp\htdocs\absen\system\core\Common.php 257
ERROR - 2023-05-24 04:07:28 --> 404 Page Not Found --> assets
ERROR - 2023-05-24 04:07:28 --> ErrorException [ 1 ]: The page you requested was not found. ~  [ 0 ]
ERROR - 2023-05-24 04:07:45 --> Severity: Notice  --> Only variable references should be returned by reference C:\xampp\htdocs\absen\system\core\Common.php 257
ERROR - 2023-05-24 04:08:36 --> Severity: Notice  --> Only variable references should be returned by reference C:\xampp\htdocs\absen\system\core\Common.php 257
ERROR - 2023-05-24 04:10:36 --> 404 Page Not Found --> assets
ERROR - 2023-05-24 04:10:36 --> ErrorException [ 1 ]: The page you requested was not found. ~  [ 0 ]
ERROR - 2023-05-24 09:10:54 --> ParseError [ 0 ]: syntax error, unexpected end of file ~ C:\xampp\htdocs\absen\gaji\views\data\user.php [ 303 ]
ERROR - 2023-05-24 09:11:56 --> ParseError [ 0 ]: syntax error, unexpected end of file ~ C:\xampp\htdocs\absen\gaji\views\data\user.php [ 303 ]
ERROR - 2023-05-24 09:12:45 --> ParseError [ 0 ]: syntax error, unexpected end of file ~ C:\xampp\htdocs\absen\gaji\views\data\user.php [ 303 ]
ERROR - 2023-05-24 04:14:21 --> 404 Page Not Found --> assets
ERROR - 2023-05-24 04:14:21 --> ErrorException [ 1 ]: The page you requested was not found. ~  [ 0 ]
ERROR - 2023-05-24 09:14:25 --> ParseError [ 0 ]: syntax error, unexpected end of file ~ C:\xampp\htdocs\absen\gaji\views\data\user.php [ 312 ]
ERROR - 2023-05-24 04:14:38 --> 404 Page Not Found --> assets
ERROR - 2023-05-24 04:14:38 --> ErrorException [ 1 ]: The page you requested was not found. ~  [ 0 ]
ERROR - 2023-05-24 09:14:42 --> ParseError [ 0 ]: syntax error, unexpected end of file ~ C:\xampp\htdocs\absen\gaji\views\data\user.php [ 313 ]
ERROR - 2023-05-24 09:21:05 --> ParseError [ 0 ]: syntax error, unexpected end of file ~ C:\xampp\htdocs\absen\gaji\views\data\user.php [ 313 ]
ERROR - 2023-05-24 04:21:47 --> 404 Page Not Found --> assets
ERROR - 2023-05-24 04:21:47 --> ErrorException [ 1 ]: The page you requested was not found. ~  [ 0 ]
ERROR - 2023-05-24 09:21:51 --> ParseError [ 0 ]: syntax error, unexpected end of file ~ C:\xampp\htdocs\absen\gaji\views\data\user.php [ 313 ]
ERROR - 2023-05-24 09:22:54 --> ParseError [ 0 ]: syntax error, unexpected end of file ~ C:\xampp\htdocs\absen\gaji\views\data\user.php [ 312 ]
ERROR - 2023-05-24 09:22:56 --> ParseError [ 0 ]: syntax error, unexpected end of file ~ C:\xampp\htdocs\absen\gaji\views\data\user.php [ 312 ]
ERROR - 2023-05-24 09:22:59 --> ParseError [ 0 ]: syntax error, unexpected end of file ~ C:\xampp\htdocs\absen\gaji\views\data\user.php [ 312 ]
ERROR - 2023-05-24 09:23:17 --> ParseError [ 0 ]: syntax error, unexpected end of file ~ C:\xampp\htdocs\absen\gaji\views\data\user.php [ 312 ]
ERROR - 2023-05-24 09:23:20 --> ParseError [ 0 ]: syntax error, unexpected end of file ~ C:\xampp\htdocs\absen\gaji\views\data\user.php [ 312 ]
ERROR - 2023-05-24 09:23:45 --> ParseError [ 0 ]: syntax error, unexpected end of file ~ C:\xampp\htdocs\absen\gaji\views\data\user.php [ 313 ]
ERROR - 2023-05-24 09:40:41 --> ParseError [ 0 ]: syntax error, unexpected end of file ~ C:\xampp\htdocs\absen\gaji\views\data\user.php [ 313 ]
ERROR - 2023-05-24 04:42:44 --> 404 Page Not Found --> assets
ERROR - 2023-05-24 04:42:44 --> ErrorException [ 1 ]: The page you requested was not found. ~  [ 0 ]
ERROR - 2023-05-24 09:44:08 --> ParseError [ 0 ]: syntax error, unexpected end of file ~ C:\xampp\htdocs\absen\gaji\views\data\user.php [ 313 ]
ERROR - 2023-05-24 11:24:52 --> 404 Page Not Found --> assets
ERROR - 2023-05-24 11:24:52 --> ErrorException [ 1 ]: The page you requested was not found. ~  [ 0 ]
