<?php  if ( ! defined('BASEPATH')) exit('No direct script access allowed'); ?>

ERROR - 2014-11-27 12:31:36 --> 404 Page Not Found --> assets
ERROR - 2014-11-27 12:31:36 --> ErrorException [ 1 ]: The page you requested was not found. ~  [ 0 ]
ERROR - 2014-11-27 12:57:37 --> ErrorException [ 8 ]: Undefined variable: gaji_kotor ~ /home/trias/htdocs/sawerigading/gaji/views/penggajian_slip_gaji.php [ 168 ]
ERROR - 2014-11-27 12:57:37 --> ErrorException [ 8 ]: Undefined variable: gaji_kpi ~ /home/trias/htdocs/sawerigading/gaji/views/penggajian_slip_gaji.php [ 170 ]
ERROR - 2014-11-27 12:57:37 --> ErrorException [ 8 ]: Undefined variable: gaji_kotor ~ /home/trias/htdocs/sawerigading/gaji/views/penggajian_slip_gaji.php [ 168 ]
ERROR - 2014-11-27 12:57:37 --> ErrorException [ 8 ]: Undefined variable: gaji_kotor ~ /home/trias/htdocs/sawerigading/gaji/views/penggajian_slip_gaji.php [ 168 ]
ERROR - 2014-11-27 12:57:37 --> ErrorException [ 8 ]: Undefined variable: gaji_kotor ~ /home/trias/htdocs/sawerigading/gaji/views/penggajian_slip_gaji.php [ 168 ]
ERROR - 2014-11-27 12:57:37 --> ErrorException [ 8 ]: Undefined variable: gaji_kotor ~ /home/trias/htdocs/sawerigading/gaji/views/penggajian_slip_gaji.php [ 168 ]
ERROR - 2014-11-27 12:57:37 --> ErrorException [ 8 ]: Undefined variable: gaji_kotor ~ /home/trias/htdocs/sawerigading/gaji/views/penggajian_slip_gaji.php [ 168 ]
ERROR - 2014-11-27 12:57:37 --> ErrorException [ 8 ]: Undefined variable: gaji_kotor ~ /home/trias/htdocs/sawerigading/gaji/views/penggajian_slip_gaji.php [ 168 ]
ERROR - 2014-11-27 12:57:37 --> ErrorException [ 8 ]: Undefined variable: gaji_kotor ~ /home/trias/htdocs/sawerigading/gaji/views/penggajian_slip_gaji.php [ 168 ]
ERROR - 2014-11-27 12:57:37 --> ErrorException [ 8 ]: Undefined variable: gaji_kotor ~ /home/trias/htdocs/sawerigading/gaji/views/penggajian_slip_gaji.php [ 168 ]
ERROR - 2014-11-27 12:57:37 --> ErrorException [ 8 ]: Undefined variable: gaji_kotor ~ /home/trias/htdocs/sawerigading/gaji/views/penggajian_slip_gaji.php [ 168 ]
ERROR - 2014-11-27 12:57:37 --> ErrorException [ 8 ]: Undefined variable: gaji_kotor ~ /home/trias/htdocs/sawerigading/gaji/views/penggajian_slip_gaji.php [ 168 ]
ERROR - 2014-11-27 12:57:37 --> ErrorException [ 8 ]: Undefined variable: gaji_kotor ~ /home/trias/htdocs/sawerigading/gaji/views/penggajian_slip_gaji.php [ 168 ]
ERROR - 2014-11-27 12:57:37 --> ErrorException [ 8 ]: Undefined variable: gaji_kotor ~ /home/trias/htdocs/sawerigading/gaji/views/penggajian_slip_gaji.php [ 168 ]
ERROR - 2014-11-27 12:57:37 --> ErrorException [ 8 ]: Undefined variable: gaji_kotor ~ /home/trias/htdocs/sawerigading/gaji/views/penggajian_slip_gaji.php [ 168 ]
ERROR - 2014-11-27 12:57:37 --> ErrorException [ 8 ]: Undefined variable: gaji_kotor ~ /home/trias/htdocs/sawerigading/gaji/views/penggajian_slip_gaji.php [ 168 ]
ERROR - 2014-11-27 12:58:48 --> ErrorException [ 8 ]: Undefined variable: gaji_kotor ~ /home/trias/htdocs/sawerigading/gaji/views/penggajian_slip_gaji.php [ 33 ]
ERROR - 2014-11-27 12:58:48 --> ErrorException [ 8 ]: Undefined variable: gaji_kotor ~ /home/trias/htdocs/sawerigading/gaji/views/penggajian_slip_gaji.php [ 33 ]
ERROR - 2014-11-27 12:58:48 --> ErrorException [ 8 ]: Undefined variable: gaji_kotor ~ /home/trias/htdocs/sawerigading/gaji/views/penggajian_slip_gaji.php [ 33 ]
ERROR - 2014-11-27 12:58:48 --> ErrorException [ 8 ]: Undefined variable: gaji_kotor ~ /home/trias/htdocs/sawerigading/gaji/views/penggajian_slip_gaji.php [ 33 ]
ERROR - 2014-11-27 12:58:48 --> ErrorException [ 8 ]: Undefined variable: gaji_kotor ~ /home/trias/htdocs/sawerigading/gaji/views/penggajian_slip_gaji.php [ 33 ]
ERROR - 2014-11-27 12:58:48 --> ErrorException [ 8 ]: Undefined variable: gaji_kotor ~ /home/trias/htdocs/sawerigading/gaji/views/penggajian_slip_gaji.php [ 33 ]
ERROR - 2014-11-27 12:58:48 --> ErrorException [ 8 ]: Undefined variable: gaji_kotor ~ /home/trias/htdocs/sawerigading/gaji/views/penggajian_slip_gaji.php [ 33 ]
ERROR - 2014-11-27 12:58:48 --> ErrorException [ 8 ]: Undefined variable: gaji_kotor ~ /home/trias/htdocs/sawerigading/gaji/views/penggajian_slip_gaji.php [ 33 ]
ERROR - 2014-11-27 12:58:48 --> ErrorException [ 8 ]: Undefined variable: gaji_kotor ~ /home/trias/htdocs/sawerigading/gaji/views/penggajian_slip_gaji.php [ 33 ]
ERROR - 2014-11-27 12:58:48 --> ErrorException [ 8 ]: Undefined variable: gaji_kotor ~ /home/trias/htdocs/sawerigading/gaji/views/penggajian_slip_gaji.php [ 33 ]
ERROR - 2014-11-27 12:58:48 --> ErrorException [ 8 ]: Undefined variable: gaji_kotor ~ /home/trias/htdocs/sawerigading/gaji/views/penggajian_slip_gaji.php [ 33 ]
ERROR - 2014-11-27 12:58:48 --> ErrorException [ 8 ]: Undefined variable: gaji_kotor ~ /home/trias/htdocs/sawerigading/gaji/views/penggajian_slip_gaji.php [ 33 ]
ERROR - 2014-11-27 12:58:48 --> ErrorException [ 8 ]: Undefined variable: gaji_kotor ~ /home/trias/htdocs/sawerigading/gaji/views/penggajian_slip_gaji.php [ 33 ]
ERROR - 2014-11-27 12:58:48 --> ErrorException [ 8 ]: Undefined variable: gaji_kotor ~ /home/trias/htdocs/sawerigading/gaji/views/penggajian_slip_gaji.php [ 33 ]
ERROR - 2014-11-27 12:58:48 --> ErrorException [ 8 ]: Undefined variable: gaji_kotor ~ /home/trias/htdocs/sawerigading/gaji/views/penggajian_slip_gaji.php [ 33 ]
ERROR - 2014-11-27 12:59:08 --> ErrorException [ 8 ]: Undefined variable: gaji_kotor ~ /home/trias/htdocs/sawerigading/gaji/views/penggajian_slip_gaji.php [ 33 ]
ERROR - 2014-11-27 12:59:08 --> ErrorException [ 8 ]: Undefined variable: gaji_kotor ~ /home/trias/htdocs/sawerigading/gaji/views/penggajian_slip_gaji.php [ 33 ]
ERROR - 2014-11-27 12:59:08 --> ErrorException [ 8 ]: Undefined variable: gaji_kotor ~ /home/trias/htdocs/sawerigading/gaji/views/penggajian_slip_gaji.php [ 33 ]
ERROR - 2014-11-27 12:59:08 --> ErrorException [ 8 ]: Undefined variable: gaji_kotor ~ /home/trias/htdocs/sawerigading/gaji/views/penggajian_slip_gaji.php [ 33 ]
ERROR - 2014-11-27 12:59:08 --> ErrorException [ 8 ]: Undefined variable: gaji_kotor ~ /home/trias/htdocs/sawerigading/gaji/views/penggajian_slip_gaji.php [ 33 ]
ERROR - 2014-11-27 12:59:08 --> ErrorException [ 8 ]: Undefined variable: gaji_kotor ~ /home/trias/htdocs/sawerigading/gaji/views/penggajian_slip_gaji.php [ 33 ]
ERROR - 2014-11-27 12:59:08 --> ErrorException [ 8 ]: Undefined variable: gaji_kotor ~ /home/trias/htdocs/sawerigading/gaji/views/penggajian_slip_gaji.php [ 33 ]
ERROR - 2014-11-27 12:59:08 --> ErrorException [ 8 ]: Undefined variable: gaji_kotor ~ /home/trias/htdocs/sawerigading/gaji/views/penggajian_slip_gaji.php [ 33 ]
ERROR - 2014-11-27 12:59:08 --> ErrorException [ 8 ]: Undefined variable: gaji_kotor ~ /home/trias/htdocs/sawerigading/gaji/views/penggajian_slip_gaji.php [ 33 ]
ERROR - 2014-11-27 12:59:08 --> ErrorException [ 8 ]: Undefined variable: gaji_kotor ~ /home/trias/htdocs/sawerigading/gaji/views/penggajian_slip_gaji.php [ 33 ]
ERROR - 2014-11-27 12:59:08 --> ErrorException [ 8 ]: Undefined variable: gaji_kotor ~ /home/trias/htdocs/sawerigading/gaji/views/penggajian_slip_gaji.php [ 33 ]
ERROR - 2014-11-27 12:59:08 --> ErrorException [ 8 ]: Undefined variable: gaji_kotor ~ /home/trias/htdocs/sawerigading/gaji/views/penggajian_slip_gaji.php [ 33 ]
ERROR - 2014-11-27 12:59:08 --> ErrorException [ 8 ]: Undefined variable: gaji_kotor ~ /home/trias/htdocs/sawerigading/gaji/views/penggajian_slip_gaji.php [ 33 ]
ERROR - 2014-11-27 12:59:08 --> ErrorException [ 8 ]: Undefined variable: gaji_kotor ~ /home/trias/htdocs/sawerigading/gaji/views/penggajian_slip_gaji.php [ 33 ]
ERROR - 2014-11-27 12:59:08 --> ErrorException [ 8 ]: Undefined variable: gaji_kotor ~ /home/trias/htdocs/sawerigading/gaji/views/penggajian_slip_gaji.php [ 33 ]
ERROR - 2014-11-27 13:25:11 --> ErrorException [ 2 ]: number_format() expects parameter 1 to be double, string given ~ /home/trias/htdocs/sawerigading/gaji/helpers/string_format_helper.php [ 13 ]
ERROR - 2014-11-27 13:25:11 --> ErrorException [ 2 ]: number_format() expects parameter 1 to be double, string given ~ /home/trias/htdocs/sawerigading/gaji/helpers/string_format_helper.php [ 13 ]
ERROR - 2014-11-27 13:25:11 --> ErrorException [ 2 ]: number_format() expects parameter 1 to be double, string given ~ /home/trias/htdocs/sawerigading/gaji/helpers/string_format_helper.php [ 13 ]
ERROR - 2014-11-27 13:25:11 --> ErrorException [ 2 ]: number_format() expects parameter 1 to be double, string given ~ /home/trias/htdocs/sawerigading/gaji/helpers/string_format_helper.php [ 13 ]
ERROR - 2014-11-27 13:25:11 --> ErrorException [ 2 ]: number_format() expects parameter 1 to be double, string given ~ /home/trias/htdocs/sawerigading/gaji/helpers/string_format_helper.php [ 13 ]
ERROR - 2014-11-27 13:25:11 --> ErrorException [ 2 ]: number_format() expects parameter 1 to be double, string given ~ /home/trias/htdocs/sawerigading/gaji/helpers/string_format_helper.php [ 13 ]
ERROR - 2014-11-27 13:25:11 --> ErrorException [ 2 ]: number_format() expects parameter 1 to be double, string given ~ /home/trias/htdocs/sawerigading/gaji/helpers/string_format_helper.php [ 13 ]
ERROR - 2014-11-27 13:25:11 --> ErrorException [ 2 ]: number_format() expects parameter 1 to be double, string given ~ /home/trias/htdocs/sawerigading/gaji/helpers/string_format_helper.php [ 13 ]
ERROR - 2014-11-27 13:25:11 --> ErrorException [ 2 ]: number_format() expects parameter 1 to be double, string given ~ /home/trias/htdocs/sawerigading/gaji/helpers/string_format_helper.php [ 13 ]
ERROR - 2014-11-27 13:25:11 --> ErrorException [ 2 ]: number_format() expects parameter 1 to be double, string given ~ /home/trias/htdocs/sawerigading/gaji/helpers/string_format_helper.php [ 13 ]
ERROR - 2014-11-27 13:25:11 --> ErrorException [ 2 ]: number_format() expects parameter 1 to be double, string given ~ /home/trias/htdocs/sawerigading/gaji/helpers/string_format_helper.php [ 13 ]
ERROR - 2014-11-27 13:25:11 --> ErrorException [ 2 ]: number_format() expects parameter 1 to be double, string given ~ /home/trias/htdocs/sawerigading/gaji/helpers/string_format_helper.php [ 13 ]
ERROR - 2014-11-27 13:25:11 --> ErrorException [ 2 ]: number_format() expects parameter 1 to be double, string given ~ /home/trias/htdocs/sawerigading/gaji/helpers/string_format_helper.php [ 13 ]
ERROR - 2014-11-27 13:34:08 --> 404 Page Not Found --> assets
ERROR - 2014-11-27 13:34:08 --> ErrorException [ 1 ]: The page you requested was not found. ~  [ 0 ]
ERROR - 2014-11-27 13:36:22 --> 404 Page Not Found --> assets
ERROR - 2014-11-27 13:36:22 --> ErrorException [ 1 ]: The page you requested was not found. ~  [ 0 ]
ERROR - 2014-11-27 13:36:33 --> 404 Page Not Found --> assets
ERROR - 2014-11-27 13:36:33 --> ErrorException [ 1 ]: The page you requested was not found. ~  [ 0 ]
ERROR - 2014-11-27 13:36:36 --> 404 Page Not Found --> assets
ERROR - 2014-11-27 13:36:36 --> ErrorException [ 1 ]: The page you requested was not found. ~  [ 0 ]
ERROR - 2014-11-27 13:50:08 --> 404 Page Not Found --> assets
ERROR - 2014-11-27 13:50:08 --> ErrorException [ 1 ]: The page you requested was not found. ~  [ 0 ]
ERROR - 2014-11-27 13:50:11 --> 404 Page Not Found --> assets
ERROR - 2014-11-27 13:50:11 --> ErrorException [ 1 ]: The page you requested was not found. ~  [ 0 ]
ERROR - 2014-11-27 13:59:29 --> 404 Page Not Found --> assets
ERROR - 2014-11-27 13:59:29 --> ErrorException [ 1 ]: The page you requested was not found. ~  [ 0 ]
ERROR - 2014-11-27 13:59:32 --> 404 Page Not Found --> assets
ERROR - 2014-11-27 13:59:32 --> ErrorException [ 1 ]: The page you requested was not found. ~  [ 0 ]
ERROR - 2014-11-27 15:46:08 --> 404 Page Not Found --> assets
ERROR - 2014-11-27 15:46:08 --> ErrorException [ 1 ]: The page you requested was not found. ~  [ 0 ]
ERROR - 2014-11-27 15:46:10 --> 404 Page Not Found --> assets
ERROR - 2014-11-27 15:46:10 --> ErrorException [ 1 ]: The page you requested was not found. ~  [ 0 ]
ERROR - 2014-11-27 16:19:44 --> ErrorException [ 8 ]: Undefined variable: gaji_kotor ~ /home/trias/htdocs/sawerigading/gaji/views/penggajian_slip_gaji.php [ 34 ]
ERROR - 2014-11-27 17:47:28 --> 404 Page Not Found --> assets
ERROR - 2014-11-27 17:47:28 --> ErrorException [ 1 ]: The page you requested was not found. ~  [ 0 ]
ERROR - 2014-11-27 18:08:11 --> 404 Page Not Found --> assets
ERROR - 2014-11-27 18:08:11 --> ErrorException [ 1 ]: The page you requested was not found. ~  [ 0 ]
ERROR - 2014-11-27 18:57:44 --> 404 Page Not Found --> assets
ERROR - 2014-11-27 18:57:44 --> ErrorException [ 1 ]: The page you requested was not found. ~  [ 0 ]
