<?php  if ( ! defined('BASEPATH')) exit('No direct script access allowed'); ?>

ERROR - 2014-11-26 02:35:08 --> 404 Page Not Found --> assets
<?php  if ( ! defined('BASEPATH')) exit('No direct script access allowed'); ?>

ERROR - 2014-11-26 02:35:08 --> 404 Page Not Found --> assets
ERROR - 2014-11-26 02:35:08 --> ErrorException [ 1 ]: The page you requested was not found. ~  [ 0 ]
ERROR - 2014-11-26 02:35:08 --> ErrorException [ 1 ]: The page you requested was not found. ~  [ 0 ]
ERROR - 2014-11-26 02:35:08 --> 404 Page Not Found --> assets
ERROR - 2014-11-26 02:35:08 --> ErrorException [ 1 ]: The page you requested was not found. ~  [ 0 ]
ERROR - 2014-11-26 02:35:09 --> 404 Page Not Found --> show_data.php
ERROR - 2014-11-26 02:35:09 --> ErrorException [ 1 ]: The page you requested was not found. ~  [ 0 ]
ERROR - 2014-11-26 02:35:09 --> 404 Page Not Found --> assets
ERROR - 2014-11-26 02:35:09 --> ErrorException [ 1 ]: The page you requested was not found. ~  [ 0 ]
ERROR - 2014-11-26 02:36:23 --> 404 Page Not Found --> assets
ERROR - 2014-11-26 02:36:23 --> ErrorException [ 1 ]: The page you requested was not found. ~  [ 0 ]
ERROR - 2014-11-26 02:37:39 --> 404 Page Not Found --> assets
ERROR - 2014-11-26 02:37:39 --> ErrorException [ 1 ]: The page you requested was not found. ~  [ 0 ]
ERROR - 2014-11-26 02:37:39 --> 404 Page Not Found --> assets
ERROR - 2014-11-26 02:37:39 --> ErrorException [ 1 ]: The page you requested was not found. ~  [ 0 ]
ERROR - 2014-11-26 02:37:39 --> 404 Page Not Found --> assets
ERROR - 2014-11-26 02:37:39 --> ErrorException [ 1 ]: The page you requested was not found. ~  [ 0 ]
ERROR - 2014-11-26 02:37:39 --> 404 Page Not Found --> show_data.php
ERROR - 2014-11-26 02:37:39 --> ErrorException [ 1 ]: The page you requested was not found. ~  [ 0 ]
ERROR - 2014-11-26 02:37:39 --> 404 Page Not Found --> assets
ERROR - 2014-11-26 02:37:39 --> ErrorException [ 1 ]: The page you requested was not found. ~  [ 0 ]
ERROR - 2014-11-26 02:37:41 --> 404 Page Not Found --> assets
ERROR - 2014-11-26 02:37:41 --> ErrorException [ 1 ]: The page you requested was not found. ~  [ 0 ]
ERROR - 2014-11-26 02:39:22 --> 404 Page Not Found --> assets
ERROR - 2014-11-26 02:39:22 --> ErrorException [ 1 ]: The page you requested was not found. ~  [ 0 ]
ERROR - 2014-11-26 02:40:07 --> 404 Page Not Found --> assets
ERROR - 2014-11-26 02:40:07 --> ErrorException [ 1 ]: The page you requested was not found. ~  [ 0 ]
ERROR - 2014-11-26 02:40:07 --> 404 Page Not Found --> assets
ERROR - 2014-11-26 02:40:07 --> ErrorException [ 1 ]: The page you requested was not found. ~  [ 0 ]
ERROR - 2014-11-26 02:40:07 --> 404 Page Not Found --> assets
ERROR - 2014-11-26 02:40:07 --> ErrorException [ 1 ]: The page you requested was not found. ~  [ 0 ]
ERROR - 2014-11-26 02:40:08 --> 404 Page Not Found --> assets
ERROR - 2014-11-26 02:40:08 --> ErrorException [ 1 ]: The page you requested was not found. ~  [ 0 ]
ERROR - 2014-11-26 02:40:08 --> 404 Page Not Found --> show_data.php
ERROR - 2014-11-26 02:40:08 --> ErrorException [ 1 ]: The page you requested was not found. ~  [ 0 ]
ERROR - 2014-11-26 02:40:09 --> 404 Page Not Found --> assets
ERROR - 2014-11-26 02:40:09 --> ErrorException [ 1 ]: The page you requested was not found. ~  [ 0 ]
ERROR - 2014-11-26 02:40:42 --> 404 Page Not Found --> assets
ERROR - 2014-11-26 02:40:42 --> ErrorException [ 1 ]: The page you requested was not found. ~  [ 0 ]
ERROR - 2014-11-26 02:40:42 --> 404 Page Not Found --> assets
ERROR - 2014-11-26 02:40:42 --> ErrorException [ 1 ]: The page you requested was not found. ~  [ 0 ]
ERROR - 2014-11-26 02:40:42 --> 404 Page Not Found --> show_data.php
ERROR - 2014-11-26 02:40:42 --> ErrorException [ 1 ]: The page you requested was not found. ~  [ 0 ]
ERROR - 2014-11-26 02:41:39 --> 404 Page Not Found --> assets
ERROR - 2014-11-26 02:41:39 --> ErrorException [ 1 ]: The page you requested was not found. ~  [ 0 ]
ERROR - 2014-11-26 02:41:39 --> 404 Page Not Found --> assets
ERROR - 2014-11-26 02:41:39 --> ErrorException [ 1 ]: The page you requested was not found. ~  [ 0 ]
ERROR - 2014-11-26 02:41:40 --> 404 Page Not Found --> assets
ERROR - 2014-11-26 02:41:40 --> ErrorException [ 1 ]: The page you requested was not found. ~  [ 0 ]
ERROR - 2014-11-26 02:41:40 --> 404 Page Not Found --> show_data.php
ERROR - 2014-11-26 02:41:40 --> ErrorException [ 1 ]: The page you requested was not found. ~  [ 0 ]
ERROR - 2014-11-26 02:41:40 --> 404 Page Not Found --> assets
ERROR - 2014-11-26 02:41:40 --> ErrorException [ 1 ]: The page you requested was not found. ~  [ 0 ]
ERROR - 2014-11-26 02:42:44 --> 404 Page Not Found --> assets
ERROR - 2014-11-26 02:42:44 --> ErrorException [ 1 ]: The page you requested was not found. ~  [ 0 ]
ERROR - 2014-11-26 02:42:44 --> 404 Page Not Found --> assets
ERROR - 2014-11-26 02:42:44 --> ErrorException [ 1 ]: The page you requested was not found. ~  [ 0 ]
ERROR - 2014-11-26 02:42:44 --> 404 Page Not Found --> assets
ERROR - 2014-11-26 02:42:44 --> ErrorException [ 1 ]: The page you requested was not found. ~  [ 0 ]
ERROR - 2014-11-26 02:42:44 --> 404 Page Not Found --> show_data.php
ERROR - 2014-11-26 02:42:44 --> ErrorException [ 1 ]: The page you requested was not found. ~  [ 0 ]
ERROR - 2014-11-26 02:42:44 --> 404 Page Not Found --> assets
ERROR - 2014-11-26 02:42:44 --> ErrorException [ 1 ]: The page you requested was not found. ~  [ 0 ]
ERROR - 2014-11-26 02:42:49 --> 404 Page Not Found --> show_data.php
ERROR - 2014-11-26 02:42:49 --> ErrorException [ 1 ]: The page you requested was not found. ~  [ 0 ]
ERROR - 2014-11-26 02:42:51 --> 404 Page Not Found --> show_data.php
ERROR - 2014-11-26 02:42:51 --> ErrorException [ 1 ]: The page you requested was not found. ~  [ 0 ]
ERROR - 2014-11-26 02:42:51 --> 404 Page Not Found --> show_data.php
ERROR - 2014-11-26 02:42:51 --> ErrorException [ 1 ]: The page you requested was not found. ~  [ 0 ]
ERROR - 2014-11-26 02:42:52 --> 404 Page Not Found --> show_data.php
ERROR - 2014-11-26 02:42:52 --> ErrorException [ 1 ]: The page you requested was not found. ~  [ 0 ]
ERROR - 2014-11-26 02:42:53 --> 404 Page Not Found --> show_data.php
ERROR - 2014-11-26 02:42:53 --> ErrorException [ 1 ]: The page you requested was not found. ~  [ 0 ]
ERROR - 2014-11-26 02:43:03 --> 404 Page Not Found --> assets
ERROR - 2014-11-26 02:43:03 --> ErrorException [ 1 ]: The page you requested was not found. ~  [ 0 ]
ERROR - 2014-11-26 02:43:03 --> 404 Page Not Found --> assets
ERROR - 2014-11-26 02:43:03 --> ErrorException [ 1 ]: The page you requested was not found. ~  [ 0 ]
ERROR - 2014-11-26 02:43:03 --> 404 Page Not Found --> assets
ERROR - 2014-11-26 02:43:03 --> ErrorException [ 1 ]: The page you requested was not found. ~  [ 0 ]
ERROR - 2014-11-26 02:43:03 --> 404 Page Not Found --> show_data.php
ERROR - 2014-11-26 02:43:03 --> ErrorException [ 1 ]: The page you requested was not found. ~  [ 0 ]
ERROR - 2014-11-26 02:43:03 --> 404 Page Not Found --> assets
ERROR - 2014-11-26 02:43:03 --> ErrorException [ 1 ]: The page you requested was not found. ~  [ 0 ]
ERROR - 2014-11-26 02:43:31 --> 404 Page Not Found --> assets
ERROR - 2014-11-26 02:43:31 --> ErrorException [ 1 ]: The page you requested was not found. ~  [ 0 ]
ERROR - 2014-11-26 02:43:31 --> 404 Page Not Found --> assets
ERROR - 2014-11-26 02:43:31 --> ErrorException [ 1 ]: The page you requested was not found. ~  [ 0 ]
ERROR - 2014-11-26 02:43:31 --> 404 Page Not Found --> assets
ERROR - 2014-11-26 02:43:31 --> ErrorException [ 1 ]: The page you requested was not found. ~  [ 0 ]
ERROR - 2014-11-26 02:43:31 --> 404 Page Not Found --> assets
ERROR - 2014-11-26 02:43:31 --> ErrorException [ 1 ]: The page you requested was not found. ~  [ 0 ]
ERROR - 2014-11-26 02:43:31 --> 404 Page Not Found --> assets
ERROR - 2014-11-26 02:43:31 --> ErrorException [ 1 ]: The page you requested was not found. ~  [ 0 ]
ERROR - 2014-11-26 02:43:31 --> 404 Page Not Found --> assets
ERROR - 2014-11-26 02:43:31 --> ErrorException [ 1 ]: The page you requested was not found. ~  [ 0 ]
ERROR - 2014-11-26 02:43:52 --> 404 Page Not Found --> assets
ERROR - 2014-11-26 02:43:52 --> ErrorException [ 1 ]: The page you requested was not found. ~  [ 0 ]
ERROR - 2014-11-26 02:43:52 --> 404 Page Not Found --> assets
ERROR - 2014-11-26 02:43:52 --> ErrorException [ 1 ]: The page you requested was not found. ~  [ 0 ]
ERROR - 2014-11-26 02:44:27 --> 404 Page Not Found --> assets
ERROR - 2014-11-26 02:44:27 --> ErrorException [ 1 ]: The page you requested was not found. ~  [ 0 ]
ERROR - 2014-11-26 02:44:27 --> 404 Page Not Found --> assets
ERROR - 2014-11-26 02:44:27 --> ErrorException [ 1 ]: The page you requested was not found. ~  [ 0 ]
ERROR - 2014-11-26 02:44:28 --> 404 Page Not Found --> assets
ERROR - 2014-11-26 02:44:28 --> ErrorException [ 1 ]: The page you requested was not found. ~  [ 0 ]
ERROR - 2014-11-26 02:44:28 --> 404 Page Not Found --> assets
ERROR - 2014-11-26 02:44:28 --> ErrorException [ 1 ]: The page you requested was not found. ~  [ 0 ]
ERROR - 2014-11-26 02:46:05 --> 404 Page Not Found --> assets
ERROR - 2014-11-26 02:46:05 --> ErrorException [ 1 ]: The page you requested was not found. ~  [ 0 ]
ERROR - 2014-11-26 02:46:05 --> 404 Page Not Found --> assets
ERROR - 2014-11-26 02:46:05 --> ErrorException [ 1 ]: The page you requested was not found. ~  [ 0 ]
ERROR - 2014-11-26 02:46:20 --> 404 Page Not Found --> assets
ERROR - 2014-11-26 02:46:20 --> ErrorException [ 1 ]: The page you requested was not found. ~  [ 0 ]
ERROR - 2014-11-26 02:46:20 --> 404 Page Not Found --> assets
ERROR - 2014-11-26 02:46:20 --> ErrorException [ 1 ]: The page you requested was not found. ~  [ 0 ]
ERROR - 2014-11-26 02:46:21 --> 404 Page Not Found --> assets
ERROR - 2014-11-26 02:46:21 --> ErrorException [ 1 ]: The page you requested was not found. ~  [ 0 ]
ERROR - 2014-11-26 02:46:30 --> 404 Page Not Found --> assets
ERROR - 2014-11-26 02:46:30 --> ErrorException [ 1 ]: The page you requested was not found. ~  [ 0 ]
ERROR - 2014-11-26 02:46:30 --> 404 Page Not Found --> assets
ERROR - 2014-11-26 02:46:30 --> ErrorException [ 1 ]: The page you requested was not found. ~  [ 0 ]
ERROR - 2014-11-26 02:46:30 --> 404 Page Not Found --> assets
ERROR - 2014-11-26 02:46:30 --> ErrorException [ 1 ]: The page you requested was not found. ~  [ 0 ]
ERROR - 2014-11-26 02:46:30 --> 404 Page Not Found --> assets
ERROR - 2014-11-26 02:46:30 --> ErrorException [ 1 ]: The page you requested was not found. ~  [ 0 ]
ERROR - 2014-11-26 02:46:30 --> 404 Page Not Found --> assets
ERROR - 2014-11-26 02:46:30 --> ErrorException [ 1 ]: The page you requested was not found. ~  [ 0 ]
ERROR - 2014-11-26 02:46:30 --> 404 Page Not Found --> assets
ERROR - 2014-11-26 02:46:30 --> ErrorException [ 1 ]: The page you requested was not found. ~  [ 0 ]
ERROR - 2014-11-26 02:46:31 --> 404 Page Not Found --> assets
ERROR - 2014-11-26 02:46:31 --> ErrorException [ 1 ]: The page you requested was not found. ~  [ 0 ]
ERROR - 2014-11-26 02:46:39 --> 404 Page Not Found --> assets
ERROR - 2014-11-26 02:46:39 --> ErrorException [ 1 ]: The page you requested was not found. ~  [ 0 ]
ERROR - 2014-11-26 02:46:39 --> 404 Page Not Found --> assets
ERROR - 2014-11-26 02:46:39 --> ErrorException [ 1 ]: The page you requested was not found. ~  [ 0 ]
ERROR - 2014-11-26 02:46:39 --> 404 Page Not Found --> assets
ERROR - 2014-11-26 02:46:39 --> ErrorException [ 1 ]: The page you requested was not found. ~  [ 0 ]
ERROR - 2014-11-26 02:46:39 --> 404 Page Not Found --> assets
ERROR - 2014-11-26 02:46:39 --> ErrorException [ 1 ]: The page you requested was not found. ~  [ 0 ]
ERROR - 2014-11-26 02:46:39 --> 404 Page Not Found --> assets
ERROR - 2014-11-26 02:46:39 --> ErrorException [ 1 ]: The page you requested was not found. ~  [ 0 ]
ERROR - 2014-11-26 02:46:39 --> 404 Page Not Found --> assets
ERROR - 2014-11-26 02:46:39 --> ErrorException [ 1 ]: The page you requested was not found. ~  [ 0 ]
ERROR - 2014-11-26 02:46:48 --> 404 Page Not Found --> assets
ERROR - 2014-11-26 02:46:48 --> ErrorException [ 1 ]: The page you requested was not found. ~  [ 0 ]
ERROR - 2014-11-26 02:46:48 --> 404 Page Not Found --> assets
ERROR - 2014-11-26 02:46:48 --> ErrorException [ 1 ]: The page you requested was not found. ~  [ 0 ]
ERROR - 2014-11-26 02:46:48 --> 404 Page Not Found --> assets
ERROR - 2014-11-26 02:46:48 --> ErrorException [ 1 ]: The page you requested was not found. ~  [ 0 ]
ERROR - 2014-11-26 02:46:48 --> 404 Page Not Found --> assets
ERROR - 2014-11-26 02:46:48 --> ErrorException [ 1 ]: The page you requested was not found. ~  [ 0 ]
ERROR - 2014-11-26 02:46:49 --> 404 Page Not Found --> assets
ERROR - 2014-11-26 02:46:49 --> ErrorException [ 1 ]: The page you requested was not found. ~  [ 0 ]
ERROR - 2014-11-26 02:46:49 --> 404 Page Not Found --> assets
ERROR - 2014-11-26 02:46:49 --> ErrorException [ 1 ]: The page you requested was not found. ~  [ 0 ]
ERROR - 2014-11-26 02:46:50 --> 404 Page Not Found --> assets
ERROR - 2014-11-26 02:46:50 --> ErrorException [ 1 ]: The page you requested was not found. ~  [ 0 ]
ERROR - 2014-11-26 02:47:04 --> 404 Page Not Found --> assets
ERROR - 2014-11-26 02:47:04 --> ErrorException [ 1 ]: The page you requested was not found. ~  [ 0 ]
ERROR - 2014-11-26 02:47:04 --> 404 Page Not Found --> assets
ERROR - 2014-11-26 02:47:04 --> ErrorException [ 1 ]: The page you requested was not found. ~  [ 0 ]
ERROR - 2014-11-26 02:47:04 --> 404 Page Not Found --> assets
ERROR - 2014-11-26 02:47:04 --> ErrorException [ 1 ]: The page you requested was not found. ~  [ 0 ]
ERROR - 2014-11-26 02:47:04 --> 404 Page Not Found --> assets
ERROR - 2014-11-26 02:47:04 --> ErrorException [ 1 ]: The page you requested was not found. ~  [ 0 ]
ERROR - 2014-11-26 02:47:06 --> 404 Page Not Found --> assets
ERROR - 2014-11-26 02:47:06 --> ErrorException [ 1 ]: The page you requested was not found. ~  [ 0 ]
ERROR - 2014-11-26 02:47:55 --> 404 Page Not Found --> assets
ERROR - 2014-11-26 02:47:55 --> 404 Page Not Found --> assets
ERROR - 2014-11-26 02:47:55 --> ErrorException [ 1 ]: The page you requested was not found. ~  [ 0 ]
ERROR - 2014-11-26 02:47:55 --> ErrorException [ 1 ]: The page you requested was not found. ~  [ 0 ]
ERROR - 2014-11-26 02:47:56 --> 404 Page Not Found --> assets
ERROR - 2014-11-26 02:47:56 --> ErrorException [ 1 ]: The page you requested was not found. ~  [ 0 ]
ERROR - 2014-11-26 02:47:56 --> 404 Page Not Found --> assets
ERROR - 2014-11-26 02:47:56 --> ErrorException [ 1 ]: The page you requested was not found. ~  [ 0 ]
ERROR - 2014-11-26 02:47:57 --> 404 Page Not Found --> assets
ERROR - 2014-11-26 02:47:57 --> ErrorException [ 1 ]: The page you requested was not found. ~  [ 0 ]
ERROR - 2014-11-26 02:48:40 --> 404 Page Not Found --> assets
ERROR - 2014-11-26 02:48:40 --> ErrorException [ 1 ]: The page you requested was not found. ~  [ 0 ]
ERROR - 2014-11-26 02:48:40 --> 404 Page Not Found --> assets
ERROR - 2014-11-26 02:48:40 --> ErrorException [ 1 ]: The page you requested was not found. ~  [ 0 ]
ERROR - 2014-11-26 02:48:40 --> 404 Page Not Found --> assets
ERROR - 2014-11-26 02:48:40 --> ErrorException [ 1 ]: The page you requested was not found. ~  [ 0 ]
ERROR - 2014-11-26 02:48:40 --> 404 Page Not Found --> assets
ERROR - 2014-11-26 02:48:40 --> ErrorException [ 1 ]: The page you requested was not found. ~  [ 0 ]
ERROR - 2014-11-26 02:54:02 --> 404 Page Not Found --> assets
ERROR - 2014-11-26 02:54:02 --> ErrorException [ 1 ]: The page you requested was not found. ~  [ 0 ]
ERROR - 2014-11-26 02:54:02 --> 404 Page Not Found --> assets
ERROR - 2014-11-26 02:54:02 --> ErrorException [ 1 ]: The page you requested was not found. ~  [ 0 ]
ERROR - 2014-11-26 02:54:02 --> 404 Page Not Found --> assets
ERROR - 2014-11-26 02:54:02 --> ErrorException [ 1 ]: The page you requested was not found. ~  [ 0 ]
ERROR - 2014-11-26 02:54:02 --> 404 Page Not Found --> assets
ERROR - 2014-11-26 02:54:02 --> ErrorException [ 1 ]: The page you requested was not found. ~  [ 0 ]
ERROR - 2014-11-26 02:54:42 --> 404 Page Not Found --> assets
ERROR - 2014-11-26 02:54:42 --> ErrorException [ 1 ]: The page you requested was not found. ~  [ 0 ]
ERROR - 2014-11-26 02:54:42 --> 404 Page Not Found --> assets
ERROR - 2014-11-26 02:54:42 --> ErrorException [ 1 ]: The page you requested was not found. ~  [ 0 ]
ERROR - 2014-11-26 02:54:42 --> 404 Page Not Found --> assets
ERROR - 2014-11-26 02:54:42 --> ErrorException [ 1 ]: The page you requested was not found. ~  [ 0 ]
ERROR - 2014-11-26 02:54:42 --> 404 Page Not Found --> assets
ERROR - 2014-11-26 02:54:42 --> ErrorException [ 1 ]: The page you requested was not found. ~  [ 0 ]
ERROR - 2014-11-26 02:56:51 --> 404 Page Not Found --> assets
ERROR - 2014-11-26 02:56:51 --> ErrorException [ 1 ]: The page you requested was not found. ~  [ 0 ]
ERROR - 2014-11-26 02:58:24 --> 404 Page Not Found --> assets
ERROR - 2014-11-26 02:58:24 --> ErrorException [ 1 ]: The page you requested was not found. ~  [ 0 ]
ERROR - 2014-11-26 02:58:24 --> 404 Page Not Found --> assets
ERROR - 2014-11-26 02:58:24 --> ErrorException [ 1 ]: The page you requested was not found. ~  [ 0 ]
ERROR - 2014-11-26 03:01:26 --> 404 Page Not Found --> assets
ERROR - 2014-11-26 03:01:26 --> ErrorException [ 1 ]: The page you requested was not found. ~  [ 0 ]
ERROR - 2014-11-26 03:01:26 --> 404 Page Not Found --> assets
ERROR - 2014-11-26 03:01:26 --> ErrorException [ 1 ]: The page you requested was not found. ~  [ 0 ]
ERROR - 2014-11-26 03:01:27 --> 404 Page Not Found --> assets
ERROR - 2014-11-26 03:01:27 --> ErrorException [ 1 ]: The page you requested was not found. ~  [ 0 ]
ERROR - 2014-11-26 03:01:27 --> 404 Page Not Found --> assets
ERROR - 2014-11-26 03:01:27 --> ErrorException [ 1 ]: The page you requested was not found. ~  [ 0 ]
ERROR - 2014-11-26 03:01:27 --> 404 Page Not Found --> assets
ERROR - 2014-11-26 03:01:27 --> ErrorException [ 1 ]: The page you requested was not found. ~  [ 0 ]
ERROR - 2014-11-26 03:01:27 --> 404 Page Not Found --> assets
ERROR - 2014-11-26 03:01:27 --> ErrorException [ 1 ]: The page you requested was not found. ~  [ 0 ]
ERROR - 2014-11-26 03:01:48 --> 404 Page Not Found --> assets
ERROR - 2014-11-26 03:01:48 --> ErrorException [ 1 ]: The page you requested was not found. ~  [ 0 ]
ERROR - 2014-11-26 03:01:48 --> 404 Page Not Found --> assets
ERROR - 2014-11-26 03:01:48 --> ErrorException [ 1 ]: The page you requested was not found. ~  [ 0 ]
ERROR - 2014-11-26 03:01:49 --> 404 Page Not Found --> assets
ERROR - 2014-11-26 03:01:49 --> ErrorException [ 1 ]: The page you requested was not found. ~  [ 0 ]
ERROR - 2014-11-26 03:01:49 --> 404 Page Not Found --> assets
ERROR - 2014-11-26 03:01:49 --> ErrorException [ 1 ]: The page you requested was not found. ~  [ 0 ]
ERROR - 2014-11-26 03:01:49 --> 404 Page Not Found --> assets
ERROR - 2014-11-26 03:01:49 --> ErrorException [ 1 ]: The page you requested was not found. ~  [ 0 ]
ERROR - 2014-11-26 03:01:49 --> 404 Page Not Found --> assets
ERROR - 2014-11-26 03:01:49 --> ErrorException [ 1 ]: The page you requested was not found. ~  [ 0 ]
ERROR - 2014-11-26 03:02:21 --> 404 Page Not Found --> assets
ERROR - 2014-11-26 03:02:21 --> ErrorException [ 1 ]: The page you requested was not found. ~  [ 0 ]
ERROR - 2014-11-26 03:02:21 --> 404 Page Not Found --> assets
ERROR - 2014-11-26 03:02:21 --> ErrorException [ 1 ]: The page you requested was not found. ~  [ 0 ]
ERROR - 2014-11-26 03:02:21 --> 404 Page Not Found --> assets
ERROR - 2014-11-26 03:02:21 --> ErrorException [ 1 ]: The page you requested was not found. ~  [ 0 ]
ERROR - 2014-11-26 03:02:21 --> 404 Page Not Found --> assets
ERROR - 2014-11-26 03:02:21 --> ErrorException [ 1 ]: The page you requested was not found. ~  [ 0 ]
ERROR - 2014-11-26 03:02:21 --> 404 Page Not Found --> assets
ERROR - 2014-11-26 03:02:21 --> ErrorException [ 1 ]: The page you requested was not found. ~  [ 0 ]
ERROR - 2014-11-26 03:02:21 --> 404 Page Not Found --> assets
ERROR - 2014-11-26 03:02:21 --> ErrorException [ 1 ]: The page you requested was not found. ~  [ 0 ]
ERROR - 2014-11-26 03:02:32 --> 404 Page Not Found --> assets
ERROR - 2014-11-26 03:02:32 --> ErrorException [ 1 ]: The page you requested was not found. ~  [ 0 ]
ERROR - 2014-11-26 03:02:32 --> 404 Page Not Found --> assets
ERROR - 2014-11-26 03:02:32 --> ErrorException [ 1 ]: The page you requested was not found. ~  [ 0 ]
ERROR - 2014-11-26 03:02:32 --> 404 Page Not Found --> assets
ERROR - 2014-11-26 03:02:32 --> 404 Page Not Found --> assets
ERROR - 2014-11-26 03:02:32 --> ErrorException [ 1 ]: The page you requested was not found. ~  [ 0 ]
ERROR - 2014-11-26 03:02:32 --> ErrorException [ 1 ]: The page you requested was not found. ~  [ 0 ]
ERROR - 2014-11-26 03:02:32 --> 404 Page Not Found --> assets
ERROR - 2014-11-26 03:02:32 --> ErrorException [ 1 ]: The page you requested was not found. ~  [ 0 ]
ERROR - 2014-11-26 03:02:32 --> 404 Page Not Found --> assets
ERROR - 2014-11-26 03:02:32 --> ErrorException [ 1 ]: The page you requested was not found. ~  [ 0 ]
ERROR - 2014-11-26 03:03:16 --> 404 Page Not Found --> assets
ERROR - 2014-11-26 03:03:17 --> ErrorException [ 1 ]: The page you requested was not found. ~  [ 0 ]
ERROR - 2014-11-26 03:03:17 --> 404 Page Not Found --> assets
ERROR - 2014-11-26 03:03:17 --> ErrorException [ 1 ]: The page you requested was not found. ~  [ 0 ]
ERROR - 2014-11-26 03:03:17 --> 404 Page Not Found --> assets
ERROR - 2014-11-26 03:03:17 --> ErrorException [ 1 ]: The page you requested was not found. ~  [ 0 ]
ERROR - 2014-11-26 03:03:17 --> 404 Page Not Found --> assets
ERROR - 2014-11-26 03:03:17 --> ErrorException [ 1 ]: The page you requested was not found. ~  [ 0 ]
ERROR - 2014-11-26 03:05:56 --> 404 Page Not Found --> assets
ERROR - 2014-11-26 03:05:56 --> ErrorException [ 1 ]: The page you requested was not found. ~  [ 0 ]
ERROR - 2014-11-26 03:08:25 --> 404 Page Not Found --> assets
ERROR - 2014-11-26 03:08:25 --> ErrorException [ 1 ]: The page you requested was not found. ~  [ 0 ]
ERROR - 2014-11-26 03:11:57 --> 404 Page Not Found --> assets
ERROR - 2014-11-26 03:11:57 --> ErrorException [ 1 ]: The page you requested was not found. ~  [ 0 ]
ERROR - 2014-11-26 03:12:07 --> 404 Page Not Found --> assets
ERROR - 2014-11-26 03:12:07 --> ErrorException [ 1 ]: The page you requested was not found. ~  [ 0 ]
ERROR - 2014-11-26 03:12:23 --> 404 Page Not Found --> assets
ERROR - 2014-11-26 03:12:23 --> ErrorException [ 1 ]: The page you requested was not found. ~  [ 0 ]
ERROR - 2014-11-26 03:12:24 --> 404 Page Not Found --> assets
ERROR - 2014-11-26 03:12:24 --> ErrorException [ 1 ]: The page you requested was not found. ~  [ 0 ]
ERROR - 2014-11-26 03:20:08 --> Query error: Unknown column 'tanggal' in 'where clause'
ERROR - 2014-11-26 03:20:08 --> ErrorException [ 1 ]: Error Number: 1054 / Unknown column 'tanggal' in 'where clause' / SELECT COUNT(*) FROM gaji
                                     WHERE YEAR(tanggal) = 2014 AND
                                     MONTH(tanggal) = 8 AND
                                     id_divisi = 1 / Filename: /home/trias/htdocs/sawerigading/controllers/penggajian.php / Line Number: 223 ~  [ 0 ]
ERROR - 2014-11-26 03:20:13 --> Query error: Unknown column 'tanggal' in 'where clause'
ERROR - 2014-11-26 03:20:13 --> ErrorException [ 1 ]: Error Number: 1054 / Unknown column 'tanggal' in 'where clause' / SELECT COUNT(*) FROM gaji
                                     WHERE YEAR(tanggal) = 2014 AND
                                     MONTH(tanggal) = 8 AND
                                     id_divisi = 1 / Filename: /home/trias/htdocs/sawerigading/controllers/penggajian.php / Line Number: 223 ~  [ 0 ]
ERROR - 2014-11-26 03:21:03 --> Query error: Unknown column 'tanggal' in 'where clause'
ERROR - 2014-11-26 03:21:03 --> ErrorException [ 1 ]: Error Number: 1054 / Unknown column 'tanggal' in 'where clause' / SELECT COUNT(*) FROM gaji
                                     WHERE YEAR(tanggal) = 2014 AND
                                     MONTH(tanggal) = 8 AND
                                     id_divisi = 1 / Filename: /home/trias/htdocs/sawerigading/controllers/penggajian.php / Line Number: 223 ~  [ 0 ]
ERROR - 2014-11-26 03:21:18 --> Query error: Unknown column 'tanggal' in 'where clause'
ERROR - 2014-11-26 03:21:18 --> ErrorException [ 1 ]: Error Number: 1054 / Unknown column 'tanggal' in 'where clause' / SELECT COUNT(*) as jml FROM gaji
                                     WHERE YEAR(tanggal) = 2014 AND
                                     MONTH(tanggal) = 8 AND
                                     id_divisi = 1 / Filename: /home/trias/htdocs/sawerigading/controllers/penggajian.php / Line Number: 223 ~  [ 0 ]
ERROR - 2014-11-26 03:21:50 --> Query error: Unknown column 'tanggal' in 'where clause'
ERROR - 2014-11-26 03:21:50 --> ErrorException [ 1 ]: Error Number: 1054 / Unknown column 'tanggal' in 'where clause' / SELECT COUNT(id) as jml FROM gaji
                                     WHERE YEAR(tanggal) = 2014 AND
                                     MONTH(tanggal) = 8 AND
                                     id_divisi = 1 / Filename: /home/trias/htdocs/sawerigading/controllers/penggajian.php / Line Number: 223 ~  [ 0 ]
ERROR - 2014-11-26 03:22:03 --> Query error: Unknown column 'tanggal' in 'where clause'
ERROR - 2014-11-26 03:22:03 --> ErrorException [ 1 ]: Error Number: 1054 / Unknown column 'tanggal' in 'where clause' / SELECT COUNT(id) as jml FROM gaji
                                     WHERE YEAR(tanggal) = 2014 AND
                                     MONTH(tanggal) = 8 AND
                                     id_divisi = 1 / Filename: /home/trias/htdocs/sawerigading/controllers/penggajian.php / Line Number: 223 ~  [ 0 ]
ERROR - 2014-11-26 03:22:09 --> Query error: Unknown column 'tanggal' in 'where clause'
ERROR - 2014-11-26 03:22:09 --> ErrorException [ 1 ]: Error Number: 1054 / Unknown column 'tanggal' in 'where clause' / SELECT COUNT(id) as jml FROM gaji
                                     WHERE YEAR(tanggal) = 2014 AND
                                     MONTH(tanggal) = 8 AND
                                     id_divisi = 1 / Filename: /home/trias/htdocs/sawerigading/controllers/penggajian.php / Line Number: 223 ~  [ 0 ]
ERROR - 2014-11-26 03:22:28 --> Query error: Unknown column 'tanggal' in 'where clause'
ERROR - 2014-11-26 03:22:28 --> ErrorException [ 1 ]: Error Number: 1054 / Unknown column 'tanggal' in 'where clause' / SELECT COUNT(id) as jml FROM gaji
                                     WHERE YEAR(tanggal) = 2014 AND
                                     MONTH(tanggal) = 8 AND
                                     id_divisi = 1 / Filename: /home/trias/htdocs/sawerigading/controllers/penggajian.php / Line Number: 223 ~  [ 0 ]
ERROR - 2014-11-26 03:23:34 --> 404 Page Not Found --> assets
ERROR - 2014-11-26 03:23:34 --> ErrorException [ 1 ]: The page you requested was not found. ~  [ 0 ]
ERROR - 2014-11-26 08:11:29 --> 404 Page Not Found --> assets
ERROR - 2014-11-26 08:11:29 --> ErrorException [ 1 ]: The page you requested was not found. ~  [ 0 ]
ERROR - 2014-11-26 08:49:58 --> 404 Page Not Found --> assets
ERROR - 2014-11-26 08:49:58 --> ErrorException [ 1 ]: The page you requested was not found. ~  [ 0 ]
